<?xml version="1.0" encoding="UTF-8"?>
<testng-results ignored="4" total="5" passed="0" failed="1" skipped="0">
  <reporter-output>
    <line>
      <![CDATA[Test Execution ID : 27Oct_033701]]>
    </line>
    <line>
      <![CDATA[####### Starting  Test Case: createHelmService #######]]>
    </line>
    <line>
      <![CDATA[Getting test data for createHelmService]]>
    </line>
    <line>
      <![CDATA[No testdata found for Test Case: createHelmService]]>
    </line>
    <line>
      <![CDATA[checking if driver exist]]>
    </line>
    <line>
      <![CDATA[Getting driver ]]>
    </line>
    <line>
      <![CDATA[Getting driver ]]>
    </line>
    <line>
      <![CDATA[Getting driver ]]>
    </line>
    <line>
      <![CDATA[Setting driver]]>
    </line>
    <line>
      <![CDATA[C:\Users\sagar\Java_Workspace\BP-3.2MajorRelease\Reports\27Oct_033701\createHelmService_chrome\createHelmService_chrome_300_Oct_033706.jpg]]>
    </line>
    <line>
      <![CDATA[<a href=C:\Users\sagar\Java_Workspace\BP-3.2MajorRelease\Reports\27Oct_033701\createHelmService_chrome\createHelmService_chrome_300_Oct_033706.jpg alt='alternative text'>Step</a>]]>
    </line>
    <line>
      <![CDATA[Getting driver ]]>
    </line>
    <line>
      <![CDATA[C:\Users\sagar\Java_Workspace\BP-3.2MajorRelease\Reports\27Oct_033701\createHelmService_chrome\createHelmService_chrome_300_Oct_033707.jpg]]>
    </line>
    <line>
      <![CDATA[<a href=C:\Users\sagar\Java_Workspace\BP-3.2MajorRelease\Reports\27Oct_033701\createHelmService_chrome\createHelmService_chrome_300_Oct_033707.jpg alt='alternative text'>Step</a>]]>
    </line>
    <line>
      <![CDATA[Launching driver]]>
    </line>
    <line>
      <![CDATA[C:\Users\sagar\Java_Workspace\BP-3.2MajorRelease\Reports\27Oct_033701\createHelmService_chrome\createHelmService_chrome_300_Oct_033707.jpg]]>
    </line>
    <line>
      <![CDATA[<a href=C:\Users\sagar\Java_Workspace\BP-3.2MajorRelease\Reports\27Oct_033701\createHelmService_chrome\createHelmService_chrome_300_Oct_033707.jpg alt='alternative text'>Step</a>]]>
    </line>
    <line>
      <![CDATA[Executing; ui_launch]]>
    </line>
    <line>
      <![CDATA[Element [[ChromeDriver: chrome on WINDOWS (e97bf688cacd88fbf2ea3b7eecac9ebd)] -> name: email]is displayed on screen]]>
    </line>
    <line>
      <![CDATA[Setting value on element USER_NAME]]>
    </line>
    <line>
      <![CDATA[C:\Users\sagar\Java_Workspace\BP-3.2MajorRelease\Reports\27Oct_033701\createHelmService_chrome\createHelmService_chrome_300_Oct_033713.jpg]]>
    </line>
    <line>
      <![CDATA[<a href=C:\Users\sagar\Java_Workspace\BP-3.2MajorRelease\Reports\27Oct_033701\createHelmService_chrome\createHelmService_chrome_300_Oct_033713.jpg alt='alternative text'>Step</a>]]>
    </line>
    <line>
      <![CDATA[Element [[ChromeDriver: chrome on WINDOWS (e97bf688cacd88fbf2ea3b7eecac9ebd)] -> name: password]is displayed on screen]]>
    </line>
    <line>
      <![CDATA[Setting value on element PASSWORD]]>
    </line>
    <line>
      <![CDATA[C:\Users\sagar\Java_Workspace\BP-3.2MajorRelease\Reports\27Oct_033701\createHelmService_chrome\createHelmService_chrome_300_Oct_033714.jpg]]>
    </line>
    <line>
      <![CDATA[<a href=C:\Users\sagar\Java_Workspace\BP-3.2MajorRelease\Reports\27Oct_033701\createHelmService_chrome\createHelmService_chrome_300_Oct_033714.jpg alt='alternative text'>Step</a>]]>
    </line>
    <line>
      <![CDATA[Element [[ChromeDriver: chrome on WINDOWS (e97bf688cacd88fbf2ea3b7eecac9ebd)] -> xpath: //button[@type='submit']]is displayed on screen]]>
    </line>
    <line>
      <![CDATA[Clicking on element LOGIN_BTN]]>
    </line>
    <line>
      <![CDATA[C:\Users\sagar\Java_Workspace\BP-3.2MajorRelease\Reports\27Oct_033701\createHelmService_chrome\createHelmService_chrome_300_Oct_033715.jpg]]>
    </line>
    <line>
      <![CDATA[<a href=C:\Users\sagar\Java_Workspace\BP-3.2MajorRelease\Reports\27Oct_033701\createHelmService_chrome\createHelmService_chrome_300_Oct_033715.jpg alt='alternative text'>Step</a>]]>
    </line>
    <line>
      <![CDATA[Successful navigation is validated for LoginPage]]>
    </line>
    <line>
      <![CDATA[Getting driver ]]>
    </line>
    <line>
      <![CDATA[C:\Users\sagar\Java_Workspace\BP-3.2MajorRelease\Reports\27Oct_033701\createHelmService_chrome\createHelmService_chrome_300_Oct_033716.jpg]]>
    </line>
    <line>
      <![CDATA[<a href=C:\Users\sagar\Java_Workspace\BP-3.2MajorRelease\Reports\27Oct_033701\createHelmService_chrome\createHelmService_chrome_300_Oct_033716.jpg alt='alternative text'>Step</a>]]>
    </line>
    <line>
      <![CDATA[checking if driver exist]]>
    </line>
    <line>
      <![CDATA[C:\Users\sagar\Java_Workspace\BP-3.2MajorRelease\Reports\27Oct_033701\createHelmService_chrome\createHelmService_chrome_300_Oct_033717.jpg]]>
    </line>
    <line>
      <![CDATA[<a href=C:\Users\sagar\Java_Workspace\BP-3.2MajorRelease\Reports\27Oct_033701\createHelmService_chrome\createHelmService_chrome_300_Oct_033717.jpg alt='alternative text'>Step</a>]]>
    </line>
    <line>
      <![CDATA[Getting driver ]]>
    </line>
    <line>
      <![CDATA[C:\Users\sagar\Java_Workspace\BP-3.2MajorRelease\Reports\27Oct_033701\createHelmService_chrome\createHelmService_chrome_300_Oct_033718.jpg]]>
    </line>
    <line>
      <![CDATA[<a href=C:\Users\sagar\Java_Workspace\BP-3.2MajorRelease\Reports\27Oct_033701\createHelmService_chrome\createHelmService_chrome_300_Oct_033718.jpg alt='alternative text'>Step</a>]]>
    </line>
    <line>
      <![CDATA[Getting driver ]]>
    </line>
    <line>
      <![CDATA[C:\Users\sagar\Java_Workspace\BP-3.2MajorRelease\Reports\27Oct_033701\createHelmService_chrome\createHelmService_chrome_300_Oct_033719.jpg]]>
    </line>
    <line>
      <![CDATA[<a href=C:\Users\sagar\Java_Workspace\BP-3.2MajorRelease\Reports\27Oct_033701\createHelmService_chrome\createHelmService_chrome_300_Oct_033719.jpg alt='alternative text'>Step</a>]]>
    </line>
    <line>
      <![CDATA[checking if driver exist]]>
    </line>
    <line>
      <![CDATA[C:\Users\sagar\Java_Workspace\BP-3.2MajorRelease\Reports\27Oct_033701\createHelmService_chrome\createHelmService_chrome_300_Oct_033719.jpg]]>
    </line>
    <line>
      <![CDATA[<a href=C:\Users\sagar\Java_Workspace\BP-3.2MajorRelease\Reports\27Oct_033701\createHelmService_chrome\createHelmService_chrome_300_Oct_033719.jpg alt='alternative text'>Step</a>]]>
    </line>
    <line>
      <![CDATA[Getting driver ]]>
    </line>
    <line>
      <![CDATA[C:\Users\sagar\Java_Workspace\BP-3.2MajorRelease\Reports\27Oct_033701\createHelmService_chrome\createHelmService_chrome_300_Oct_033719.jpg]]>
    </line>
    <line>
      <![CDATA[<a href=C:\Users\sagar\Java_Workspace\BP-3.2MajorRelease\Reports\27Oct_033701\createHelmService_chrome\createHelmService_chrome_300_Oct_033719.jpg alt='alternative text'>Step</a>]]>
    </line>
    <line>
      <![CDATA[Getting driver ]]>
    </line>
    <line>
      <![CDATA[C:\Users\sagar\Java_Workspace\BP-3.2MajorRelease\Reports\27Oct_033701\createHelmService_chrome\createHelmService_chrome_300_Oct_033720.jpg]]>
    </line>
    <line>
      <![CDATA[<a href=C:\Users\sagar\Java_Workspace\BP-3.2MajorRelease\Reports\27Oct_033701\createHelmService_chrome\createHelmService_chrome_300_Oct_033720.jpg alt='alternative text'>Step</a>]]>
    </line>
    <line>
      <![CDATA[Element [[ChromeDriver: chrome on WINDOWS (e97bf688cacd88fbf2ea3b7eecac9ebd)] -> xpath: //div[@aria-controls='simple-menu']//div//div[2]//p]is displayed on screen]]>
    </line>
    <line>
      <![CDATA[Clicking on element userMenuAppBar]]>
    </line>
    <line>
      <![CDATA[C:\Users\sagar\Java_Workspace\BP-3.2MajorRelease\Reports\27Oct_033701\createHelmService_chrome\createHelmService_chrome_300_Oct_033720.jpg]]>
    </line>
    <line>
      <![CDATA[<a href=C:\Users\sagar\Java_Workspace\BP-3.2MajorRelease\Reports\27Oct_033701\createHelmService_chrome\createHelmService_chrome_300_Oct_033720.jpg alt='alternative text'>Step</a>]]>
    </line>
    <line>
      <![CDATA[Element [[ChromeDriver: chrome on WINDOWS (e97bf688cacd88fbf2ea3b7eecac9ebd)] -> xpath: //p[@class='inactive-portal cursor-pointer']]is displayed on screen]]>
    </line>
    <line>
      <![CDATA[Clicking on element switching to user account]]>
    </line>
    <line>
      <![CDATA[C:\Users\sagar\Java_Workspace\BP-3.2MajorRelease\Reports\27Oct_033701\createHelmService_chrome\createHelmService_chrome_300_Oct_033721.jpg]]>
    </line>
    <line>
      <![CDATA[<a href=C:\Users\sagar\Java_Workspace\BP-3.2MajorRelease\Reports\27Oct_033701\createHelmService_chrome\createHelmService_chrome_300_Oct_033721.jpg alt='alternative text'>Step</a>]]>
    </line>
    <line>
      <![CDATA[checking if driver exist]]>
    </line>
    <line>
      <![CDATA[C:\Users\sagar\Java_Workspace\BP-3.2MajorRelease\Reports\27Oct_033701\createHelmService_chrome\createHelmService_chrome_300_Oct_033721.jpg]]>
    </line>
    <line>
      <![CDATA[<a href=C:\Users\sagar\Java_Workspace\BP-3.2MajorRelease\Reports\27Oct_033701\createHelmService_chrome\createHelmService_chrome_300_Oct_033721.jpg alt='alternative text'>Step</a>]]>
    </line>
    <line>
      <![CDATA[Getting driver ]]>
    </line>
    <line>
      <![CDATA[C:\Users\sagar\Java_Workspace\BP-3.2MajorRelease\Reports\27Oct_033701\createHelmService_chrome\createHelmService_chrome_300_Oct_033721.jpg]]>
    </line>
    <line>
      <![CDATA[<a href=C:\Users\sagar\Java_Workspace\BP-3.2MajorRelease\Reports\27Oct_033701\createHelmService_chrome\createHelmService_chrome_300_Oct_033721.jpg alt='alternative text'>Step</a>]]>
    </line>
    <line>
      <![CDATA[Getting driver ]]>
    </line>
    <line>
      <![CDATA[C:\Users\sagar\Java_Workspace\BP-3.2MajorRelease\Reports\27Oct_033701\createHelmService_chrome\createHelmService_chrome_300_Oct_033721.jpg]]>
    </line>
    <line>
      <![CDATA[<a href=C:\Users\sagar\Java_Workspace\BP-3.2MajorRelease\Reports\27Oct_033701\createHelmService_chrome\createHelmService_chrome_300_Oct_033721.jpg alt='alternative text'>Step</a>]]>
    </line>
    <line>
      <![CDATA[Element [[ChromeDriver: chrome on WINDOWS (e97bf688cacd88fbf2ea3b7eecac9ebd)] -> xpath: //li//button[@class='app-cluster-button']//span[1][@title]]is displayed on screen]]>
    </line>
    <line>
      <![CDATA[Element is present [[ChromeDriver: chrome on WINDOWS (e97bf688cacd88fbf2ea3b7eecac9ebd)] -> xpath: //li//button[@class='app-cluster-button']//span[1][@title]]]]>
    </line>
    <line>
      <![CDATA[C:\Users\sagar\Java_Workspace\BP-3.2MajorRelease\Reports\27Oct_033701\createHelmService_chrome\createHelmService_chrome_300_Oct_033727.jpg]]>
    </line>
    <line>
      <![CDATA[<a href=C:\Users\sagar\Java_Workspace\BP-3.2MajorRelease\Reports\27Oct_033701\createHelmService_chrome\createHelmService_chrome_300_Oct_033727.jpg alt='alternative text'>Step</a>]]>
    </line>
    <line>
      <![CDATA[Element [[ChromeDriver: chrome on WINDOWS (e97bf688cacd88fbf2ea3b7eecac9ebd)] -> xpath: //button//div//span[@class='flaticon-expand-arrow']/../../..//div//button//p[text()='Service Overview']]is displayed on screen]]>
    </line>
    <line>
      <![CDATA[Clicking on element Poc_QA serviceOverviewLink]]>
    </line>
    <line>
      <![CDATA[C:\Users\sagar\Java_Workspace\BP-3.2MajorRelease\Reports\27Oct_033701\createHelmService_chrome\createHelmService_chrome_300_Oct_033728.jpg]]>
    </line>
    <line>
      <![CDATA[<a href=C:\Users\sagar\Java_Workspace\BP-3.2MajorRelease\Reports\27Oct_033701\createHelmService_chrome\createHelmService_chrome_300_Oct_033728.jpg alt='alternative text'>Step</a>]]>
    </line>
    <line>
      <![CDATA[Element [[ChromeDriver: chrome on WINDOWS (e97bf688cacd88fbf2ea3b7eecac9ebd)] -> xpath: //button[text()=' Add Service']]is displayed on screen]]>
    </line>
    <line>
      <![CDATA[Element is present [[ChromeDriver: chrome on WINDOWS (e97bf688cacd88fbf2ea3b7eecac9ebd)] -> xpath: //button[text()=' Add Service']]]]>
    </line>
    <line>
      <![CDATA[C:\Users\sagar\Java_Workspace\BP-3.2MajorRelease\Reports\27Oct_033701\createHelmService_chrome\createHelmService_chrome_300_Oct_033728.jpg]]>
    </line>
    <line>
      <![CDATA[<a href=C:\Users\sagar\Java_Workspace\BP-3.2MajorRelease\Reports\27Oct_033701\createHelmService_chrome\createHelmService_chrome_300_Oct_033728.jpg alt='alternative text'>Step</a>]]>
    </line>
    <line>
      <![CDATA[Element [[ChromeDriver: chrome on WINDOWS (e97bf688cacd88fbf2ea3b7eecac9ebd)] -> xpath: //button[text()=' Add Service']]is displayed on screen]]>
    </line>
    <line>
      <![CDATA[Clicking on element Poc_QA addServiceBtn]]>
    </line>
    <line>
      <![CDATA[C:\Users\sagar\Java_Workspace\BP-3.2MajorRelease\Reports\27Oct_033701\createHelmService_chrome\createHelmService_chrome_300_Oct_033729.jpg]]>
    </line>
    <line>
      <![CDATA[<a href=C:\Users\sagar\Java_Workspace\BP-3.2MajorRelease\Reports\27Oct_033701\createHelmService_chrome\createHelmService_chrome_300_Oct_033729.jpg alt='alternative text'>Step</a>]]>
    </line>
    <line>
      <![CDATA[Element [[ChromeDriver: chrome on WINDOWS (e97bf688cacd88fbf2ea3b7eecac9ebd)] -> xpath: //h1[@class='main-heading']]is displayed on screen]]>
    </line>
    <line>
      <![CDATA[Element is present [[ChromeDriver: chrome on WINDOWS (e97bf688cacd88fbf2ea3b7eecac9ebd)] -> xpath: //h1[@class='main-heading']]]]>
    </line>
    <line>
      <![CDATA[C:\Users\sagar\Java_Workspace\BP-3.2MajorRelease\Reports\27Oct_033701\createHelmService_chrome\createHelmService_chrome_300_Oct_033729.jpg]]>
    </line>
    <line>
      <![CDATA[<a href=C:\Users\sagar\Java_Workspace\BP-3.2MajorRelease\Reports\27Oct_033701\createHelmService_chrome\createHelmService_chrome_300_Oct_033729.jpg alt='alternative text'>Step</a>]]>
    </line>
    <line>
      <![CDATA[Element [[ChromeDriver: chrome on WINDOWS (e97bf688cacd88fbf2ea3b7eecac9ebd)] -> xpath: //input[@placeholder='demo-app']]is displayed on screen]]>
    </line>
    <line>
      <![CDATA[Setting value on element sets service name]]>
    </line>
    <line>
      <![CDATA[C:\Users\sagar\Java_Workspace\BP-3.2MajorRelease\Reports\27Oct_033701\createHelmService_chrome\createHelmService_chrome_300_Oct_033730.jpg]]>
    </line>
    <line>
      <![CDATA[<a href=C:\Users\sagar\Java_Workspace\BP-3.2MajorRelease\Reports\27Oct_033701\createHelmService_chrome\createHelmService_chrome_300_Oct_033730.jpg alt='alternative text'>Step</a>]]>
    </line>
    <line>
      <![CDATA[Element [[ChromeDriver: chrome on WINDOWS (e97bf688cacd88fbf2ea3b7eecac9ebd)] -> xpath: //input[@placeholder='Sample-Service']]is displayed on screen]]>
    </line>
    <line>
      <![CDATA[Setting value on element sets external name]]>
    </line>
    <line>
      <![CDATA[C:\Users\sagar\Java_Workspace\BP-3.2MajorRelease\Reports\27Oct_033701\createHelmService_chrome\createHelmService_chrome_300_Oct_033730.jpg]]>
    </line>
    <line>
      <![CDATA[<a href=C:\Users\sagar\Java_Workspace\BP-3.2MajorRelease\Reports\27Oct_033701\createHelmService_chrome\createHelmService_chrome_300_Oct_033730.jpg alt='alternative text'>Step</a>]]>
    </line>
    <line>
      <![CDATA[Element [[ChromeDriver: chrome on WINDOWS (e97bf688cacd88fbf2ea3b7eecac9ebd)] -> xpath: //span[contains(.,'Build for every environment')]]is displayed on screen]]>
    </line>
    <line>
      <![CDATA[Clicking on element Poc_QA selectEveryRadioBtn]]>
    </line>
    <line>
      <![CDATA[C:\Users\sagar\Java_Workspace\BP-3.2MajorRelease\Reports\27Oct_033701\createHelmService_chrome\createHelmService_chrome_300_Oct_033731.jpg]]>
    </line>
    <line>
      <![CDATA[<a href=C:\Users\sagar\Java_Workspace\BP-3.2MajorRelease\Reports\27Oct_033701\createHelmService_chrome\createHelmService_chrome_300_Oct_033731.jpg alt='alternative text'>Step</a>]]>
    </line>
    <line>
      <![CDATA[Element [[ChromeDriver: chrome on WINDOWS (e97bf688cacd88fbf2ea3b7eecac9ebd)] -> xpath: //button[@class='btn btn-submit']]is displayed on screen]]>
    </line>
    <line>
      <![CDATA[Clicking on element Poc_QA SubmitCreatePage]]>
    </line>
    <line>
      <![CDATA[C:\Users\sagar\Java_Workspace\BP-3.2MajorRelease\Reports\27Oct_033701\createHelmService_chrome\createHelmService_chrome_300_Oct_033731.jpg]]>
    </line>
    <line>
      <![CDATA[<a href=C:\Users\sagar\Java_Workspace\BP-3.2MajorRelease\Reports\27Oct_033701\createHelmService_chrome\createHelmService_chrome_300_Oct_033731.jpg alt='alternative text'>Step</a>]]>
    </line>
    <line>
      <![CDATA[Element [[ChromeDriver: chrome on WINDOWS (e97bf688cacd88fbf2ea3b7eecac9ebd)] -> xpath: //h1[@class='h1' and contains(.,'Create a Environment')]]is displayed on screen]]>
    </line>
    <line>
      <![CDATA[Element is present [[ChromeDriver: chrome on WINDOWS (e97bf688cacd88fbf2ea3b7eecac9ebd)] -> xpath: //h1[@class='h1' and contains(.,'Create a Environment')]]]]>
    </line>
    <line>
      <![CDATA[C:\Users\sagar\Java_Workspace\BP-3.2MajorRelease\Reports\27Oct_033701\createHelmService_chrome\createHelmService_chrome_300_Oct_033733.jpg]]>
    </line>
    <line>
      <![CDATA[<a href=C:\Users\sagar\Java_Workspace\BP-3.2MajorRelease\Reports\27Oct_033701\createHelmService_chrome\createHelmService_chrome_300_Oct_033733.jpg alt='alternative text'>Step</a>]]>
    </line>
    <line>
      <![CDATA[Element [[ChromeDriver: chrome on WINDOWS (e97bf688cacd88fbf2ea3b7eecac9ebd)] -> xpath: //select[@name='env_id']]is displayed on screen]]>
    </line>
    <line>
      <![CDATA[Element is present [[ChromeDriver: chrome on WINDOWS (e97bf688cacd88fbf2ea3b7eecac9ebd)] -> xpath: //select[@name='env_id']]]]>
    </line>
    <line>
      <![CDATA[C:\Users\sagar\Java_Workspace\BP-3.2MajorRelease\Reports\27Oct_033701\createHelmService_chrome\createHelmService_chrome_300_Oct_033733.jpg]]>
    </line>
    <line>
      <![CDATA[<a href=C:\Users\sagar\Java_Workspace\BP-3.2MajorRelease\Reports\27Oct_033701\createHelmService_chrome\createHelmService_chrome_300_Oct_033733.jpg alt='alternative text'>Step</a>]]>
    </line>
    <line>
      <![CDATA[Element [[ChromeDriver: chrome on WINDOWS (e97bf688cacd88fbf2ea3b7eecac9ebd)] -> xpath: //button[@class='btn btn-submit']]is displayed on screen]]>
    </line>
    <line>
      <![CDATA[Element is present [[ChromeDriver: chrome on WINDOWS (e97bf688cacd88fbf2ea3b7eecac9ebd)] -> xpath: //button[@class='btn btn-submit']]]]>
    </line>
    <line>
      <![CDATA[C:\Users\sagar\Java_Workspace\BP-3.2MajorRelease\Reports\27Oct_033701\createHelmService_chrome\createHelmService_chrome_300_Oct_033734.jpg]]>
    </line>
    <line>
      <![CDATA[<a href=C:\Users\sagar\Java_Workspace\BP-3.2MajorRelease\Reports\27Oct_033701\createHelmService_chrome\createHelmService_chrome_300_Oct_033734.jpg alt='alternative text'>Step</a>]]>
    </line>
    <line>
      <![CDATA[Element [[ChromeDriver: chrome on WINDOWS (e97bf688cacd88fbf2ea3b7eecac9ebd)] -> xpath: //button[@class='btn btn-submit']]is displayed on screen]]>
    </line>
    <line>
      <![CDATA[Clicking on element Poc_QA SubmitEnvPage]]>
    </line>
    <line>
      <![CDATA[C:\Users\sagar\Java_Workspace\BP-3.2MajorRelease\Reports\27Oct_033701\createHelmService_chrome\createHelmService_chrome_300_Oct_033734.jpg]]>
    </line>
    <line>
      <![CDATA[<a href=C:\Users\sagar\Java_Workspace\BP-3.2MajorRelease\Reports\27Oct_033701\createHelmService_chrome\createHelmService_chrome_300_Oct_033734.jpg alt='alternative text'>Step</a>]]>
    </line>
    <line>
      <![CDATA[Element [[ChromeDriver: chrome on WINDOWS (e97bf688cacd88fbf2ea3b7eecac9ebd)] -> xpath: //*[text()='Configure Build']]is displayed on screen]]>
    </line>
    <line>
      <![CDATA[Element is present [[ChromeDriver: chrome on WINDOWS (e97bf688cacd88fbf2ea3b7eecac9ebd)] -> xpath: //*[text()='Configure Build']]]]>
    </line>
    <line>
      <![CDATA[C:\Users\sagar\Java_Workspace\BP-3.2MajorRelease\Reports\27Oct_033701\createHelmService_chrome\createHelmService_chrome_300_Oct_033738.jpg]]>
    </line>
    <line>
      <![CDATA[<a href=C:\Users\sagar\Java_Workspace\BP-3.2MajorRelease\Reports\27Oct_033701\createHelmService_chrome\createHelmService_chrome_300_Oct_033738.jpg alt='alternative text'>Step</a>]]>
    </line>
    <line>
      <![CDATA[Element [[ChromeDriver: chrome on WINDOWS (e97bf688cacd88fbf2ea3b7eecac9ebd)] -> xpath: //*[text()='Configure Build']]is displayed on screen]]>
    </line>
    <line>
      <![CDATA[ Element +Proxy element for: DefaultElementLocator 'By.xpath: //*[text()='Configure Build']' is not clickable using selenium click]]>
    </line>
    <line>
      <![CDATA[C:\Users\sagar\Java_Workspace\BP-3.2MajorRelease\Reports\27Oct_033701\createHelmService_chrome\createHelmService_chrome_300_Oct_033740.jpg]]>
    </line>
    <line>
      <![CDATA[<a href=C:\Users\sagar\Java_Workspace\BP-3.2MajorRelease\Reports\27Oct_033701\createHelmService_chrome\createHelmService_chrome_300_Oct_033740.jpg alt='alternative text'>Step</a>]]>
    </line>
    <line>
      <![CDATA[Clicking on element Poc_QA clickConfigBuild]]>
    </line>
    <line>
      <![CDATA[C:\Users\sagar\Java_Workspace\BP-3.2MajorRelease\Reports\27Oct_033701\createHelmService_chrome\createHelmService_chrome_300_Oct_033740.jpg]]>
    </line>
    <line>
      <![CDATA[<a href=C:\Users\sagar\Java_Workspace\BP-3.2MajorRelease\Reports\27Oct_033701\createHelmService_chrome\createHelmService_chrome_300_Oct_033740.jpg alt='alternative text'>Step</a>]]>
    </line>
    <line>
      <![CDATA[Element [[ChromeDriver: chrome on WINDOWS (e97bf688cacd88fbf2ea3b7eecac9ebd)] -> xpath: //div[@class='md-step-circle current']]is displayed on screen]]>
    </line>
    <line>
      <![CDATA[Element is present [[ChromeDriver: chrome on WINDOWS (e97bf688cacd88fbf2ea3b7eecac9ebd)] -> xpath: //div[@class='md-step-circle current']]]]>
    </line>
    <line>
      <![CDATA[C:\Users\sagar\Java_Workspace\BP-3.2MajorRelease\Reports\27Oct_033701\createHelmService_chrome\createHelmService_chrome_300_Oct_033744.jpg]]>
    </line>
    <line>
      <![CDATA[<a href=C:\Users\sagar\Java_Workspace\BP-3.2MajorRelease\Reports\27Oct_033701\createHelmService_chrome\createHelmService_chrome_300_Oct_033744.jpg alt='alternative text'>Step</a>]]>
    </line>
    <line>
      <![CDATA[Element [[ChromeDriver: chrome on WINDOWS (e97bf688cacd88fbf2ea3b7eecac9ebd)] -> xpath: //div[@class='MuiInputBase-root MuiOutlinedInput-root MuiAutocomplete-inputRoot MuiInputBase-fullWidth MuiInputBase-formControl MuiInputBase-adornedEnd MuiOutlinedInput-adornedEnd']]is displayed on screen]]>
    </line>
    <line>
      <![CDATA[Element is present [[ChromeDriver: chrome on WINDOWS (e97bf688cacd88fbf2ea3b7eecac9ebd)] -> xpath: //div[@class='MuiInputBase-root MuiOutlinedInput-root MuiAutocomplete-inputRoot MuiInputBase-fullWidth MuiInputBase-formControl MuiInputBase-adornedEnd MuiOutlinedInput-adornedEnd']]]]>
    </line>
    <line>
      <![CDATA[C:\Users\sagar\Java_Workspace\BP-3.2MajorRelease\Reports\27Oct_033701\createHelmService_chrome\createHelmService_chrome_300_Oct_033744.jpg]]>
    </line>
    <line>
      <![CDATA[<a href=C:\Users\sagar\Java_Workspace\BP-3.2MajorRelease\Reports\27Oct_033701\createHelmService_chrome\createHelmService_chrome_300_Oct_033744.jpg alt='alternative text'>Step</a>]]>
    </line>
    <line>
      <![CDATA[Element [[ChromeDriver: chrome on WINDOWS (e97bf688cacd88fbf2ea3b7eecac9ebd)] -> xpath: //input[@name='git_url']]is displayed on screen]]>
    </line>
    <line>
      <![CDATA[Clicking on element Poc_QA gitUrlInputField]]>
    </line>
    <line>
      <![CDATA[C:\Users\sagar\Java_Workspace\BP-3.2MajorRelease\Reports\27Oct_033701\createHelmService_chrome\createHelmService_chrome_300_Oct_033744.jpg]]>
    </line>
    <line>
      <![CDATA[<a href=C:\Users\sagar\Java_Workspace\BP-3.2MajorRelease\Reports\27Oct_033701\createHelmService_chrome\createHelmService_chrome_300_Oct_033744.jpg alt='alternative text'>Step</a>]]>
    </line>
    <line>
      <![CDATA[Element [[ChromeDriver: chrome on WINDOWS (e97bf688cacd88fbf2ea3b7eecac9ebd)] -> xpath: //button[@title='Clear']]is displayed on screen]]>
    </line>
    <line>
      <![CDATA[Clicking on element ClicksclearField]]>
    </line>
    <line>
      <![CDATA[C:\Users\sagar\Java_Workspace\BP-3.2MajorRelease\Reports\27Oct_033701\createHelmService_chrome\createHelmService_chrome_300_Oct_033750.jpg]]>
    </line>
    <line>
      <![CDATA[<a href=C:\Users\sagar\Java_Workspace\BP-3.2MajorRelease\Reports\27Oct_033701\createHelmService_chrome\createHelmService_chrome_300_Oct_033750.jpg alt='alternative text'>Step</a>]]>
    </line>
    <line>
      <![CDATA[Element [[ChromeDriver: chrome on WINDOWS (e97bf688cacd88fbf2ea3b7eecac9ebd)] -> xpath: //input[@name='git_url']]is displayed on screen]]>
    </line>
    <line>
      <![CDATA[Element [[ChromeDriver: chrome on WINDOWS (e97bf688cacd88fbf2ea3b7eecac9ebd)] -> xpath: //*[text()='Load Branches']]is displayed on screen]]>
    </line>
    <line>
      <![CDATA[Element is present [[ChromeDriver: chrome on WINDOWS (e97bf688cacd88fbf2ea3b7eecac9ebd)] -> xpath: //*[text()='Load Branches']]]]>
    </line>
    <line>
      <![CDATA[C:\Users\sagar\Java_Workspace\BP-3.2MajorRelease\Reports\27Oct_033701\createHelmService_chrome\createHelmService_chrome_300_Oct_033800.jpg]]>
    </line>
    <line>
      <![CDATA[<a href=C:\Users\sagar\Java_Workspace\BP-3.2MajorRelease\Reports\27Oct_033701\createHelmService_chrome\createHelmService_chrome_300_Oct_033800.jpg alt='alternative text'>Step</a>]]>
    </line>
    <line>
      <![CDATA[Element [[ChromeDriver: chrome on WINDOWS (e97bf688cacd88fbf2ea3b7eecac9ebd)] -> xpath: //*[text()='Load Branches']]is displayed on screen]]>
    </line>
    <line>
      <![CDATA[Clicking on element Poc_QA loadBranchesBtn]]>
    </line>
    <line>
      <![CDATA[C:\Users\sagar\Java_Workspace\BP-3.2MajorRelease\Reports\27Oct_033701\createHelmService_chrome\createHelmService_chrome_300_Oct_033800.jpg]]>
    </line>
    <line>
      <![CDATA[<a href=C:\Users\sagar\Java_Workspace\BP-3.2MajorRelease\Reports\27Oct_033701\createHelmService_chrome\createHelmService_chrome_300_Oct_033800.jpg alt='alternative text'>Step</a>]]>
    </line>
    <line>
      <![CDATA[Element [[ChromeDriver: chrome on WINDOWS (e97bf688cacd88fbf2ea3b7eecac9ebd)] -> xpath: //select[@name='branch_name']]is displayed on screen]]>
    </line>
    <line>
      <![CDATA[Element is present [[ChromeDriver: chrome on WINDOWS (e97bf688cacd88fbf2ea3b7eecac9ebd)] -> xpath: //select[@name='branch_name']]]]>
    </line>
    <line>
      <![CDATA[C:\Users\sagar\Java_Workspace\BP-3.2MajorRelease\Reports\27Oct_033701\createHelmService_chrome\createHelmService_chrome_300_Oct_033811.jpg]]>
    </line>
    <line>
      <![CDATA[<a href=C:\Users\sagar\Java_Workspace\BP-3.2MajorRelease\Reports\27Oct_033701\createHelmService_chrome\createHelmService_chrome_300_Oct_033811.jpg alt='alternative text'>Step</a>]]>
    </line>
    <line>
      <![CDATA[Element [[ChromeDriver: chrome on WINDOWS (e97bf688cacd88fbf2ea3b7eecac9ebd)] -> xpath: //input[@name='file_paths']]is displayed on screen]]>
    </line>
    <line>
      <![CDATA[Element [[ChromeDriver: chrome on WINDOWS (e97bf688cacd88fbf2ea3b7eecac9ebd)] -> xpath: //input[@name='file_paths_build_context']]is displayed on screen]]>
    </line>
    <line>
      <![CDATA[Element [[ChromeDriver: chrome on WINDOWS (e97bf688cacd88fbf2ea3b7eecac9ebd)] -> xpath: //*[text()='Advance Configurations']]is displayed on screen]]>
    </line>
    <line>
      <![CDATA[Element is present [[ChromeDriver: chrome on WINDOWS (e97bf688cacd88fbf2ea3b7eecac9ebd)] -> xpath: //*[text()='Advance Configurations']]]]>
    </line>
    <line>
      <![CDATA[C:\Users\sagar\Java_Workspace\BP-3.2MajorRelease\Reports\27Oct_033701\createHelmService_chrome\createHelmService_chrome_300_Oct_033815.jpg]]>
    </line>
    <line>
      <![CDATA[<a href=C:\Users\sagar\Java_Workspace\BP-3.2MajorRelease\Reports\27Oct_033701\createHelmService_chrome\createHelmService_chrome_300_Oct_033815.jpg alt='alternative text'>Step</a>]]>
    </line>
    <line>
      <![CDATA[Element [[ChromeDriver: chrome on WINDOWS (e97bf688cacd88fbf2ea3b7eecac9ebd)] -> xpath: //button[text()='Continue']]is displayed on screen]]>
    </line>
    <line>
      <![CDATA[Clicking on element Poc_QA clickContinueBtn]]>
    </line>
    <line>
      <![CDATA[C:\Users\sagar\Java_Workspace\BP-3.2MajorRelease\Reports\27Oct_033701\createHelmService_chrome\createHelmService_chrome_300_Oct_033815.jpg]]>
    </line>
    <line>
      <![CDATA[<a href=C:\Users\sagar\Java_Workspace\BP-3.2MajorRelease\Reports\27Oct_033701\createHelmService_chrome\createHelmService_chrome_300_Oct_033815.jpg alt='alternative text'>Step</a>]]>
    </line>
    <line>
      <![CDATA[Element [[ChromeDriver: chrome on WINDOWS (e97bf688cacd88fbf2ea3b7eecac9ebd)] -> xpath: //h4[@class='mainHeading']]is displayed on screen]]>
    </line>
    <line>
      <![CDATA[Element is present [[ChromeDriver: chrome on WINDOWS (e97bf688cacd88fbf2ea3b7eecac9ebd)] -> xpath: //h4[@class='mainHeading']]]]>
    </line>
    <line>
      <![CDATA[C:\Users\sagar\Java_Workspace\BP-3.2MajorRelease\Reports\27Oct_033701\createHelmService_chrome\createHelmService_chrome_300_Oct_033820.jpg]]>
    </line>
    <line>
      <![CDATA[<a href=C:\Users\sagar\Java_Workspace\BP-3.2MajorRelease\Reports\27Oct_033701\createHelmService_chrome\createHelmService_chrome_300_Oct_033820.jpg alt='alternative text'>Step</a>]]>
    </line>
    <line>
      <![CDATA[Element [[ChromeDriver: chrome on WINDOWS (e97bf688cacd88fbf2ea3b7eecac9ebd)] -> xpath: //*[text()='Build Env Details']]is displayed on screen]]>
    </line>
    <line>
      <![CDATA[Element is present [[ChromeDriver: chrome on WINDOWS (e97bf688cacd88fbf2ea3b7eecac9ebd)] -> xpath: //*[text()='Build Env Details']]]]>
    </line>
    <line>
      <![CDATA[C:\Users\sagar\Java_Workspace\BP-3.2MajorRelease\Reports\27Oct_033701\createHelmService_chrome\createHelmService_chrome_300_Oct_033821.jpg]]>
    </line>
    <line>
      <![CDATA[<a href=C:\Users\sagar\Java_Workspace\BP-3.2MajorRelease\Reports\27Oct_033701\createHelmService_chrome\createHelmService_chrome_300_Oct_033821.jpg alt='alternative text'>Step</a>]]>
    </line>
    <line>
      <![CDATA[Element [[ChromeDriver: chrome on WINDOWS (e97bf688cacd88fbf2ea3b7eecac9ebd)] -> xpath: //span[@class='switch-label'][@data-on]]is displayed on screen]]>
    </line>
    <line>
      <![CDATA[Clicking on element Poc_QA envDetailsSwitch]]>
    </line>
    <line>
      <![CDATA[C:\Users\sagar\Java_Workspace\BP-3.2MajorRelease\Reports\27Oct_033701\createHelmService_chrome\createHelmService_chrome_300_Oct_033821.jpg]]>
    </line>
    <line>
      <![CDATA[<a href=C:\Users\sagar\Java_Workspace\BP-3.2MajorRelease\Reports\27Oct_033701\createHelmService_chrome\createHelmService_chrome_300_Oct_033821.jpg alt='alternative text'>Step</a>]]>
    </line>
    <line>
      <![CDATA[Element [[ChromeDriver: chrome on WINDOWS (e97bf688cacd88fbf2ea3b7eecac9ebd)] -> xpath: //input[@name='key']]is displayed on screen]]>
    </line>
    <line>
      <![CDATA[Setting value on element Poc_QA envName]]>
    </line>
    <line>
      <![CDATA[C:\Users\sagar\Java_Workspace\BP-3.2MajorRelease\Reports\27Oct_033701\createHelmService_chrome\createHelmService_chrome_300_Oct_033821.jpg]]>
    </line>
    <line>
      <![CDATA[<a href=C:\Users\sagar\Java_Workspace\BP-3.2MajorRelease\Reports\27Oct_033701\createHelmService_chrome\createHelmService_chrome_300_Oct_033821.jpg alt='alternative text'>Step</a>]]>
    </line>
    <line>
      <![CDATA[Element [[ChromeDriver: chrome on WINDOWS (e97bf688cacd88fbf2ea3b7eecac9ebd)] -> xpath: //input[@name='value']]is displayed on screen]]>
    </line>
    <line>
      <![CDATA[Setting value on element Poc_QA envValue]]>
    </line>
    <line>
      <![CDATA[C:\Users\sagar\Java_Workspace\BP-3.2MajorRelease\Reports\27Oct_033701\createHelmService_chrome\createHelmService_chrome_300_Oct_033822.jpg]]>
    </line>
    <line>
      <![CDATA[<a href=C:\Users\sagar\Java_Workspace\BP-3.2MajorRelease\Reports\27Oct_033701\createHelmService_chrome\createHelmService_chrome_300_Oct_033822.jpg alt='alternative text'>Step</a>]]>
    </line>
    <line>
      <![CDATA[Element [[ChromeDriver: chrome on WINDOWS (e97bf688cacd88fbf2ea3b7eecac9ebd)] -> xpath: //button[text()='Continue']]is displayed on screen]]>
    </line>
    <line>
      <![CDATA[Clicking on element Poc_QA clickContinueBtn]]>
    </line>
    <line>
      <![CDATA[C:\Users\sagar\Java_Workspace\BP-3.2MajorRelease\Reports\27Oct_033701\createHelmService_chrome\createHelmService_chrome_300_Oct_033822.jpg]]>
    </line>
    <line>
      <![CDATA[<a href=C:\Users\sagar\Java_Workspace\BP-3.2MajorRelease\Reports\27Oct_033701\createHelmService_chrome\createHelmService_chrome_300_Oct_033822.jpg alt='alternative text'>Step</a>]]>
    </line>
    <line>
      <![CDATA[Element [[ChromeDriver: chrome on WINDOWS (e97bf688cacd88fbf2ea3b7eecac9ebd)] -> xpath: //input[@name='pre_hook_enabled']/../span[@class='switch-handle']]is displayed on screen]]>
    </line>
    <line>
      <![CDATA[Clicking on element Poc_QA preHooksSwitch]]>
    </line>
    <line>
      <![CDATA[C:\Users\sagar\Java_Workspace\BP-3.2MajorRelease\Reports\27Oct_033701\createHelmService_chrome\createHelmService_chrome_300_Oct_033823.jpg]]>
    </line>
    <line>
      <![CDATA[<a href=C:\Users\sagar\Java_Workspace\BP-3.2MajorRelease\Reports\27Oct_033701\createHelmService_chrome\createHelmService_chrome_300_Oct_033823.jpg alt='alternative text'>Step</a>]]>
    </line>
    <line>
      <![CDATA[Element [[ChromeDriver: chrome on WINDOWS (e97bf688cacd88fbf2ea3b7eecac9ebd)] -> xpath: //p[contains(.,'Add Pre Hook')]/../../..//input[@placeholder='Run Command' and string-length(@value)=0]]is displayed on screen]]>
    </line>
    <line>
      <![CDATA[Setting value on element Poc_QA preHooksPasswordBox1]]>
    </line>
    <line>
      <![CDATA[C:\Users\sagar\Java_Workspace\BP-3.2MajorRelease\Reports\27Oct_033701\createHelmService_chrome\createHelmService_chrome_300_Oct_033823.jpg]]>
    </line>
    <line>
      <![CDATA[<a href=C:\Users\sagar\Java_Workspace\BP-3.2MajorRelease\Reports\27Oct_033701\createHelmService_chrome\createHelmService_chrome_300_Oct_033823.jpg alt='alternative text'>Step</a>]]>
    </line>
    <line>
      <![CDATA[Element [[ChromeDriver: chrome on WINDOWS (e97bf688cacd88fbf2ea3b7eecac9ebd)] -> xpath: //button[@class='nowrap']]is displayed on screen]]>
    </line>
    <line>
      <![CDATA[Clicking on element clicks on add New Hook]]>
    </line>
    <line>
      <![CDATA[C:\Users\sagar\Java_Workspace\BP-3.2MajorRelease\Reports\27Oct_033701\createHelmService_chrome\createHelmService_chrome_300_Oct_033823.jpg]]>
    </line>
    <line>
      <![CDATA[<a href=C:\Users\sagar\Java_Workspace\BP-3.2MajorRelease\Reports\27Oct_033701\createHelmService_chrome\createHelmService_chrome_300_Oct_033823.jpg alt='alternative text'>Step</a>]]>
    </line>
    <line>
      <![CDATA[Element [[ChromeDriver: chrome on WINDOWS (e97bf688cacd88fbf2ea3b7eecac9ebd)] -> xpath: //p[contains(.,'Add Pre Hook')]/../../..//input[@placeholder='Run Command' and string-length(@value)=0]]is displayed on screen]]>
    </line>
    <line>
      <![CDATA[Setting value on element Poc_QA preHooksPasswordBox2]]>
    </line>
    <line>
      <![CDATA[C:\Users\sagar\Java_Workspace\BP-3.2MajorRelease\Reports\27Oct_033701\createHelmService_chrome\createHelmService_chrome_300_Oct_033824.jpg]]>
    </line>
    <line>
      <![CDATA[<a href=C:\Users\sagar\Java_Workspace\BP-3.2MajorRelease\Reports\27Oct_033701\createHelmService_chrome\createHelmService_chrome_300_Oct_033824.jpg alt='alternative text'>Step</a>]]>
    </line>
    <line>
      <![CDATA[Element [[ChromeDriver: chrome on WINDOWS (e97bf688cacd88fbf2ea3b7eecac9ebd)] -> xpath: //input[@name='post_hook_enabled']/../span[@class='switch-handle']]is displayed on screen]]>
    </line>
    <line>
      <![CDATA[Clicking on element Poc_QA postHooksSwitch]]>
    </line>
    <line>
      <![CDATA[C:\Users\sagar\Java_Workspace\BP-3.2MajorRelease\Reports\27Oct_033701\createHelmService_chrome\createHelmService_chrome_300_Oct_033824.jpg]]>
    </line>
    <line>
      <![CDATA[<a href=C:\Users\sagar\Java_Workspace\BP-3.2MajorRelease\Reports\27Oct_033701\createHelmService_chrome\createHelmService_chrome_300_Oct_033824.jpg alt='alternative text'>Step</a>]]>
    </line>
    <line>
      <![CDATA[Element [[ChromeDriver: chrome on WINDOWS (e97bf688cacd88fbf2ea3b7eecac9ebd)] -> xpath: //p[contains(.,'Add Post Hook')]/../../..//input[@placeholder='Run Command' and string-length(@value)=0]]is displayed on screen]]>
    </line>
    <line>
      <![CDATA[Setting value on element Poc_QA postHooksPasswordBox1]]>
    </line>
    <line>
      <![CDATA[C:\Users\sagar\Java_Workspace\BP-3.2MajorRelease\Reports\27Oct_033701\createHelmService_chrome\createHelmService_chrome_300_Oct_033825.jpg]]>
    </line>
    <line>
      <![CDATA[<a href=C:\Users\sagar\Java_Workspace\BP-3.2MajorRelease\Reports\27Oct_033701\createHelmService_chrome\createHelmService_chrome_300_Oct_033825.jpg alt='alternative text'>Step</a>]]>
    </line>
    <line>
      <![CDATA[Element [[ChromeDriver: chrome on WINDOWS (e97bf688cacd88fbf2ea3b7eecac9ebd)] -> xpath: (//button[@class='nowrap'])[2]]is displayed on screen]]>
    </line>
    <line>
      <![CDATA[Clicking on element clicks on add New Post Hook]]>
    </line>
    <line>
      <![CDATA[C:\Users\sagar\Java_Workspace\BP-3.2MajorRelease\Reports\27Oct_033701\createHelmService_chrome\createHelmService_chrome_300_Oct_033825.jpg]]>
    </line>
    <line>
      <![CDATA[<a href=C:\Users\sagar\Java_Workspace\BP-3.2MajorRelease\Reports\27Oct_033701\createHelmService_chrome\createHelmService_chrome_300_Oct_033825.jpg alt='alternative text'>Step</a>]]>
    </line>
    <line>
      <![CDATA[Element [[ChromeDriver: chrome on WINDOWS (e97bf688cacd88fbf2ea3b7eecac9ebd)] -> xpath: //p[contains(.,'Add Post Hook')]/../../..//input[@placeholder='Run Command' and string-length(@value)=0]]is displayed on screen]]>
    </line>
    <line>
      <![CDATA[Setting value on element Poc_QA postHooksPasswordBox2]]>
    </line>
    <line>
      <![CDATA[C:\Users\sagar\Java_Workspace\BP-3.2MajorRelease\Reports\27Oct_033701\createHelmService_chrome\createHelmService_chrome_300_Oct_033825.jpg]]>
    </line>
    <line>
      <![CDATA[<a href=C:\Users\sagar\Java_Workspace\BP-3.2MajorRelease\Reports\27Oct_033701\createHelmService_chrome\createHelmService_chrome_300_Oct_033825.jpg alt='alternative text'>Step</a>]]>
    </line>
    <line>
      <![CDATA[Element [[ChromeDriver: chrome on WINDOWS (e97bf688cacd88fbf2ea3b7eecac9ebd)] -> xpath: //button[@class='btn btn-submit']]is displayed on screen]]>
    </line>
    <line>
      <![CDATA[Clicking on element Poc_QA submitHooks]]>
    </line>
    <line>
      <![CDATA[C:\Users\sagar\Java_Workspace\BP-3.2MajorRelease\Reports\27Oct_033701\createHelmService_chrome\createHelmService_chrome_300_Oct_033826.jpg]]>
    </line>
    <line>
      <![CDATA[<a href=C:\Users\sagar\Java_Workspace\BP-3.2MajorRelease\Reports\27Oct_033701\createHelmService_chrome\createHelmService_chrome_300_Oct_033826.jpg alt='alternative text'>Step</a>]]>
    </line>
    <line>
      <![CDATA[Element [[ChromeDriver: chrome on WINDOWS (e97bf688cacd88fbf2ea3b7eecac9ebd)] -> xpath: //*[text()='Env Deploy Details']]is displayed on screen]]>
    </line>
    <line>
      <![CDATA[Element is present [[ChromeDriver: chrome on WINDOWS (e97bf688cacd88fbf2ea3b7eecac9ebd)] -> xpath: //*[text()='Env Deploy Details']]]]>
    </line>
    <line>
      <![CDATA[C:\Users\sagar\Java_Workspace\BP-3.2MajorRelease\Reports\27Oct_033701\createHelmService_chrome\createHelmService_chrome_300_Oct_033827.jpg]]>
    </line>
    <line>
      <![CDATA[<a href=C:\Users\sagar\Java_Workspace\BP-3.2MajorRelease\Reports\27Oct_033701\createHelmService_chrome\createHelmService_chrome_300_Oct_033827.jpg alt='alternative text'>Step</a>]]>
    </line>
    <line>
      <![CDATA[Element [[ChromeDriver: chrome on WINDOWS (e97bf688cacd88fbf2ea3b7eecac9ebd)] -> xpath: //*[text()='Env Deploy Details']]is displayed on screen]]>
    </line>
    <line>
      <![CDATA[Clicking on element Poc_QA validateDeployDetails]]>
    </line>
    <line>
      <![CDATA[C:\Users\sagar\Java_Workspace\BP-3.2MajorRelease\Reports\27Oct_033701\createHelmService_chrome\createHelmService_chrome_300_Oct_033827.jpg]]>
    </line>
    <line>
      <![CDATA[<a href=C:\Users\sagar\Java_Workspace\BP-3.2MajorRelease\Reports\27Oct_033701\createHelmService_chrome\createHelmService_chrome_300_Oct_033827.jpg alt='alternative text'>Step</a>]]>
    </line>
    <line>
      <![CDATA[Element [[ChromeDriver: chrome on WINDOWS (e97bf688cacd88fbf2ea3b7eecac9ebd)] -> xpath: //div[@class='box-with-btn']//span[2][text()='you can also configure the CD by uploading your custom manifest file.']]is displayed on screen]]>
    </line>
    <line>
      <![CDATA[Element is present [[ChromeDriver: chrome on WINDOWS (e97bf688cacd88fbf2ea3b7eecac9ebd)] -> xpath: //div[@class='box-with-btn']//span[2][text()='you can also configure the CD by uploading your custom manifest file.']]]]>
    </line>
    <line>
      <![CDATA[C:\Users\sagar\Java_Workspace\BP-3.2MajorRelease\Reports\27Oct_033701\createHelmService_chrome\createHelmService_chrome_300_Oct_033828.jpg]]>
    </line>
    <line>
      <![CDATA[<a href=C:\Users\sagar\Java_Workspace\BP-3.2MajorRelease\Reports\27Oct_033701\createHelmService_chrome\createHelmService_chrome_300_Oct_033828.jpg alt='alternative text'>Step</a>]]>
    </line>
    <line>
      <![CDATA[Element [[ChromeDriver: chrome on WINDOWS (e97bf688cacd88fbf2ea3b7eecac9ebd)] -> xpath: //div[@class='box-with-btn']//span[2][text()='you can also configure the CD by uploading your custom manifest file.']]is displayed on screen]]>
    </line>
    <line>
      <![CDATA[ Element +[[ChromeDriver: chrome on WINDOWS (e97bf688cacd88fbf2ea3b7eecac9ebd)] -> xpath: //div[@class='box-with-btn']//span[2][text()='you can also configure the CD by uploading your custom manifest file.']] is not clickable using selenium click]]>
    </line>
    <line>
      <![CDATA[C:\Users\sagar\Java_Workspace\BP-3.2MajorRelease\Reports\27Oct_033701\createHelmService_chrome\createHelmService_chrome_300_Oct_033829.jpg]]>
    </line>
    <line>
      <![CDATA[<a href=C:\Users\sagar\Java_Workspace\BP-3.2MajorRelease\Reports\27Oct_033701\createHelmService_chrome\createHelmService_chrome_300_Oct_033829.jpg alt='alternative text'>Step</a>]]>
    </line>
    <line>
      <![CDATA[Clicking on element clicks on custom manifest button under deploy details]]>
    </line>
    <line>
      <![CDATA[C:\Users\sagar\Java_Workspace\BP-3.2MajorRelease\Reports\27Oct_033701\createHelmService_chrome\createHelmService_chrome_300_Oct_033830.jpg]]>
    </line>
    <line>
      <![CDATA[<a href=C:\Users\sagar\Java_Workspace\BP-3.2MajorRelease\Reports\27Oct_033701\createHelmService_chrome\createHelmService_chrome_300_Oct_033830.jpg alt='alternative text'>Step</a>]]>
    </line>
    <line>
      <![CDATA[Result upload to testlink is disabled, Please ensure you have 'UpdateTestLink=Yes' in project.properties ]]>
    </line>
    <line>
      <![CDATA[####### End of Test Case: createHelmService #######]]>
    </line>
  </reporter-output>
  <suite started-at="2023-10-27T03:37:02 IST" name="Default suite" finished-at="2023-10-27T03:38:30 IST" duration-ms="87655">
    <groups>
      <group name="Regression">
        <method signature="ServiceCreationTestcases.createHelmService()[pri:3, instance:com.buildpiper.testcases.ServiceCreationTestcases@232024b9]" name="createHelmService" class="com.buildpiper.testcases.ServiceCreationTestcases"/>
      </group> <!-- Regression -->
    </groups>
    <test started-at="2023-10-27T03:37:02 IST" name="Default test" finished-at="2023-10-27T03:38:30 IST" duration-ms="87655">
      <class name="com.buildpiper.testcases.ServiceCreationTestcases">
        <test-method is-config="true" signature="setUp(org.testng.ITestContext)[pri:0, instance:com.buildpiper.testcases.ServiceCreationTestcases@232024b9]" started-at="2023-10-27T03:37:02 IST" name="setUp" finished-at="2023-10-27T03:37:02 IST" duration-ms="14" status="PASS">
          <params>
            <param index="0">
              <value>
                <![CDATA[org.testng.TestRunner@7c8df667]]>
              </value>
            </param>
          </params>
          <reporter-output>
          </reporter-output>
        </test-method> <!-- setUp -->
        <test-method is-config="true" signature="Reportsetup()[pri:0, instance:com.buildpiper.testcases.ServiceCreationTestcases@232024b9]" started-at="2023-10-27T03:37:02 IST" name="Reportsetup" finished-at="2023-10-27T03:37:02 IST" duration-ms="2" status="PASS">
          <reporter-output>
          </reporter-output>
        </test-method> <!-- Reportsetup -->
        <test-method is-config="true" signature="testName(org.testng.ITestContext, java.lang.reflect.Method)[pri:0, instance:com.buildpiper.testcases.ServiceCreationTestcases@232024b9]" started-at="2023-10-27T03:37:02 IST" name="testName" finished-at="2023-10-27T03:37:03 IST" duration-ms="292" status="PASS">
          <params>
            <param index="0">
              <value>
                <![CDATA[org.testng.TestRunner@7c8df667]]>
              </value>
            </param>
            <param index="1">
              <value>
                <![CDATA[public void com.buildpiper.testcases.ServiceCreationTestcases.createHelmService()]]>
              </value>
            </param>
          </params>
          <reporter-output>
            <line>
              <![CDATA[####### Starting  Test Case: createHelmService #######]]>
            </line>
            <line>
              <![CDATA[Getting test data for createHelmService]]>
            </line>
            <line>
              <![CDATA[No testdata found for Test Case: createHelmService]]>
            </line>
          </reporter-output>
        </test-method> <!-- testName -->
        <test-method signature="createHelmService()[pri:3, instance:com.buildpiper.testcases.ServiceCreationTestcases@232024b9]" started-at="2023-10-27T03:37:03 IST" name="createHelmService" finished-at="2023-10-27T03:38:30 IST" duration-ms="87068" status="FAIL">
          <exception class="org.openqa.selenium.NoSuchElementException">
            <message>
              <![CDATA[no such element: Unable to locate element: {"method":"xpath","selector":"//input[@name='deployment_name' and @placeholder='service-env-master-project-env']"}
  (Session info: chrome=118.0.5993.71)
For documentation on this error, please visit: https://www.seleniumhq.org/exceptions/no_such_element.html
Build info: version: '3.141.59', revision: 'e82be7d358', time: '2018-11-14T08:17:03'
System info: host: 'VAL', ip: '192.168.1.5', os.name: 'Windows 11', os.arch: 'amd64', os.version: '10.0', java.version: '18.0.1.1'
Driver info: org.openqa.selenium.chrome.ChromeDriver
Capabilities {acceptInsecureCerts: false, browserName: chrome, browserVersion: 118.0.5993.71, chrome: {chromedriverVersion: 118.0.5993.70 (e52f33f30b91..., userDataDir: C:\Users\sagar\AppData\Loca...}, fedcm:accounts: true, goog:chromeOptions: {debuggerAddress: localhost:59651}, javascriptEnabled: true, networkConnectionEnabled: false, pageLoadStrategy: normal, platform: WINDOWS, platformName: WINDOWS, proxy: Proxy(), setWindowRect: true, strictFileInteractability: false, timeouts: {implicit: 0, pageLoad: 300000, script: 30000}, unhandledPromptBehavior: dismiss and notify, webauthn:extension:credBlob: true, webauthn:extension:largeBlob: true, webauthn:extension:minPinLength: true, webauthn:extension:prf: true, webauthn:virtualAuthenticators: true}
Session ID: e97bf688cacd88fbf2ea3b7eecac9ebd
*** Element info: {Using=xpath, value=//input[@name='deployment_name' and @placeholder='service-env-master-project-env']}]]>
            </message>
            <full-stacktrace>
              <![CDATA[org.openqa.selenium.NoSuchElementException: no such element: Unable to locate element: {"method":"xpath","selector":"//input[@name='deployment_name' and @placeholder='service-env-master-project-env']"}
  (Session info: chrome=118.0.5993.71)
For documentation on this error, please visit: https://www.seleniumhq.org/exceptions/no_such_element.html
Build info: version: '3.141.59', revision: 'e82be7d358', time: '2018-11-14T08:17:03'
System info: host: 'VAL', ip: '192.168.1.5', os.name: 'Windows 11', os.arch: 'amd64', os.version: '10.0', java.version: '18.0.1.1'
Driver info: org.openqa.selenium.chrome.ChromeDriver
Capabilities {acceptInsecureCerts: false, browserName: chrome, browserVersion: 118.0.5993.71, chrome: {chromedriverVersion: 118.0.5993.70 (e52f33f30b91..., userDataDir: C:\Users\sagar\AppData\Loca...}, fedcm:accounts: true, goog:chromeOptions: {debuggerAddress: localhost:59651}, javascriptEnabled: true, networkConnectionEnabled: false, pageLoadStrategy: normal, platform: WINDOWS, platformName: WINDOWS, proxy: Proxy(), setWindowRect: true, strictFileInteractability: false, timeouts: {implicit: 0, pageLoad: 300000, script: 30000}, unhandledPromptBehavior: dismiss and notify, webauthn:extension:credBlob: true, webauthn:extension:largeBlob: true, webauthn:extension:minPinLength: true, webauthn:extension:prf: true, webauthn:virtualAuthenticators: true}
Session ID: e97bf688cacd88fbf2ea3b7eecac9ebd
*** Element info: {Using=xpath, value=//input[@name='deployment_name' and @placeholder='service-env-master-project-env']}
at java.base/jdk.internal.reflect.DirectConstructorHandleAccessor.newInstance(DirectConstructorHandleAccessor.java:67)
at java.base/java.lang.reflect.Constructor.newInstanceWithCaller(Constructor.java:499)
at java.base/java.lang.reflect.Constructor.newInstance(Constructor.java:483)
at org.openqa.selenium.remote.http.W3CHttpResponseCodec.createException(W3CHttpResponseCodec.java:187)
at org.openqa.selenium.remote.http.W3CHttpResponseCodec.decode(W3CHttpResponseCodec.java:122)
at org.openqa.selenium.remote.http.W3CHttpResponseCodec.decode(W3CHttpResponseCodec.java:49)
at org.openqa.selenium.remote.HttpCommandExecutor.execute(HttpCommandExecutor.java:158)
at org.openqa.selenium.remote.service.DriverCommandExecutor.execute(DriverCommandExecutor.java:83)
at org.openqa.selenium.remote.RemoteWebDriver.execute(RemoteWebDriver.java:552)
at org.openqa.selenium.remote.RemoteWebDriver.findElement(RemoteWebDriver.java:323)
at org.openqa.selenium.remote.RemoteWebDriver.findElementByXPath(RemoteWebDriver.java:428)
at org.openqa.selenium.By$ByXPath.findElement(By.java:353)
at org.openqa.selenium.remote.RemoteWebDriver.findElement(RemoteWebDriver.java:315)
at org.openqa.selenium.support.pagefactory.DefaultElementLocator.findElement(DefaultElementLocator.java:69)
at org.openqa.selenium.support.pagefactory.internal.LocatingElementHandler.invoke(LocatingElementHandler.java:38)
at jdk.proxy2/jdk.proxy2.$Proxy25.getAttribute(Unknown Source)
at com.buildpiper.pages.ServiceCreationPage.CreateHelmNewService(ServiceCreationPage.java:944)
at com.buildpiper.testcases.ServiceCreationTestcases.createHelmService(ServiceCreationTestcases.java:175)
at java.base/jdk.internal.reflect.DirectMethodHandleAccessor.invoke(DirectMethodHandleAccessor.java:104)
at java.base/java.lang.reflect.Method.invoke(Method.java:577)
at org.testng.internal.MethodInvocationHelper.invokeMethod(MethodInvocationHelper.java:134)
at org.testng.internal.TestInvoker.invokeMethod(TestInvoker.java:597)
at org.testng.internal.TestInvoker.invokeTestMethod(TestInvoker.java:173)
at org.testng.internal.MethodRunner.runInSequence(MethodRunner.java:46)
at org.testng.internal.TestInvoker$MethodInvocationAgent.invoke(TestInvoker.java:816)
at org.testng.internal.TestInvoker.invokeTestMethods(TestInvoker.java:146)
at org.testng.internal.TestMethodWorker.invokeTestMethods(TestMethodWorker.java:146)
at org.testng.internal.TestMethodWorker.run(TestMethodWorker.java:128)
at java.base/java.util.ArrayList.forEach(ArrayList.java:1511)
at org.testng.TestRunner.privateRun(TestRunner.java:766)
at org.testng.TestRunner.run(TestRunner.java:587)
at org.testng.SuiteRunner.runTest(SuiteRunner.java:384)
at org.testng.SuiteRunner.runSequentially(SuiteRunner.java:378)
at org.testng.SuiteRunner.privateRun(SuiteRunner.java:337)
at org.testng.SuiteRunner.run(SuiteRunner.java:286)
at org.testng.SuiteRunnerWorker.runSuite(SuiteRunnerWorker.java:53)
at org.testng.SuiteRunnerWorker.run(SuiteRunnerWorker.java:96)
at org.testng.TestNG.runSuitesSequentially(TestNG.java:1187)
at org.testng.TestNG.runSuitesLocally(TestNG.java:1109)
at org.testng.TestNG.runSuites(TestNG.java:1039)
at org.testng.TestNG.run(TestNG.java:1007)
at org.testng.remote.AbstractRemoteTestNG.run(AbstractRemoteTestNG.java:115)
at org.testng.remote.RemoteTestNG.initAndRun(RemoteTestNG.java:251)
at org.testng.remote.RemoteTestNG.main(RemoteTestNG.java:77)
]]>
            </full-stacktrace>
          </exception> <!-- org.openqa.selenium.NoSuchElementException -->
          <reporter-output>
            <line>
              <![CDATA[checking if driver exist]]>
            </line>
            <line>
              <![CDATA[Getting driver ]]>
            </line>
            <line>
              <![CDATA[Getting driver ]]>
            </line>
            <line>
              <![CDATA[Getting driver ]]>
            </line>
            <line>
              <![CDATA[Setting driver]]>
            </line>
            <line>
              <![CDATA[C:\Users\sagar\Java_Workspace\BP-3.2MajorRelease\Reports\27Oct_033701\createHelmService_chrome\createHelmService_chrome_300_Oct_033706.jpg]]>
            </line>
            <line>
              <![CDATA[<a href=C:\Users\sagar\Java_Workspace\BP-3.2MajorRelease\Reports\27Oct_033701\createHelmService_chrome\createHelmService_chrome_300_Oct_033706.jpg alt='alternative text'>Step</a>]]>
            </line>
            <line>
              <![CDATA[Getting driver ]]>
            </line>
            <line>
              <![CDATA[C:\Users\sagar\Java_Workspace\BP-3.2MajorRelease\Reports\27Oct_033701\createHelmService_chrome\createHelmService_chrome_300_Oct_033707.jpg]]>
            </line>
            <line>
              <![CDATA[<a href=C:\Users\sagar\Java_Workspace\BP-3.2MajorRelease\Reports\27Oct_033701\createHelmService_chrome\createHelmService_chrome_300_Oct_033707.jpg alt='alternative text'>Step</a>]]>
            </line>
            <line>
              <![CDATA[Launching driver]]>
            </line>
            <line>
              <![CDATA[C:\Users\sagar\Java_Workspace\BP-3.2MajorRelease\Reports\27Oct_033701\createHelmService_chrome\createHelmService_chrome_300_Oct_033707.jpg]]>
            </line>
            <line>
              <![CDATA[<a href=C:\Users\sagar\Java_Workspace\BP-3.2MajorRelease\Reports\27Oct_033701\createHelmService_chrome\createHelmService_chrome_300_Oct_033707.jpg alt='alternative text'>Step</a>]]>
            </line>
            <line>
              <![CDATA[Executing; ui_launch]]>
            </line>
            <line>
              <![CDATA[Element [[ChromeDriver: chrome on WINDOWS (e97bf688cacd88fbf2ea3b7eecac9ebd)] -> name: email]is displayed on screen]]>
            </line>
            <line>
              <![CDATA[Setting value on element USER_NAME]]>
            </line>
            <line>
              <![CDATA[C:\Users\sagar\Java_Workspace\BP-3.2MajorRelease\Reports\27Oct_033701\createHelmService_chrome\createHelmService_chrome_300_Oct_033713.jpg]]>
            </line>
            <line>
              <![CDATA[<a href=C:\Users\sagar\Java_Workspace\BP-3.2MajorRelease\Reports\27Oct_033701\createHelmService_chrome\createHelmService_chrome_300_Oct_033713.jpg alt='alternative text'>Step</a>]]>
            </line>
            <line>
              <![CDATA[Element [[ChromeDriver: chrome on WINDOWS (e97bf688cacd88fbf2ea3b7eecac9ebd)] -> name: password]is displayed on screen]]>
            </line>
            <line>
              <![CDATA[Setting value on element PASSWORD]]>
            </line>
            <line>
              <![CDATA[C:\Users\sagar\Java_Workspace\BP-3.2MajorRelease\Reports\27Oct_033701\createHelmService_chrome\createHelmService_chrome_300_Oct_033714.jpg]]>
            </line>
            <line>
              <![CDATA[<a href=C:\Users\sagar\Java_Workspace\BP-3.2MajorRelease\Reports\27Oct_033701\createHelmService_chrome\createHelmService_chrome_300_Oct_033714.jpg alt='alternative text'>Step</a>]]>
            </line>
            <line>
              <![CDATA[Element [[ChromeDriver: chrome on WINDOWS (e97bf688cacd88fbf2ea3b7eecac9ebd)] -> xpath: //button[@type='submit']]is displayed on screen]]>
            </line>
            <line>
              <![CDATA[Clicking on element LOGIN_BTN]]>
            </line>
            <line>
              <![CDATA[C:\Users\sagar\Java_Workspace\BP-3.2MajorRelease\Reports\27Oct_033701\createHelmService_chrome\createHelmService_chrome_300_Oct_033715.jpg]]>
            </line>
            <line>
              <![CDATA[<a href=C:\Users\sagar\Java_Workspace\BP-3.2MajorRelease\Reports\27Oct_033701\createHelmService_chrome\createHelmService_chrome_300_Oct_033715.jpg alt='alternative text'>Step</a>]]>
            </line>
            <line>
              <![CDATA[Successful navigation is validated for LoginPage]]>
            </line>
            <line>
              <![CDATA[Getting driver ]]>
            </line>
            <line>
              <![CDATA[C:\Users\sagar\Java_Workspace\BP-3.2MajorRelease\Reports\27Oct_033701\createHelmService_chrome\createHelmService_chrome_300_Oct_033716.jpg]]>
            </line>
            <line>
              <![CDATA[<a href=C:\Users\sagar\Java_Workspace\BP-3.2MajorRelease\Reports\27Oct_033701\createHelmService_chrome\createHelmService_chrome_300_Oct_033716.jpg alt='alternative text'>Step</a>]]>
            </line>
            <line>
              <![CDATA[checking if driver exist]]>
            </line>
            <line>
              <![CDATA[C:\Users\sagar\Java_Workspace\BP-3.2MajorRelease\Reports\27Oct_033701\createHelmService_chrome\createHelmService_chrome_300_Oct_033717.jpg]]>
            </line>
            <line>
              <![CDATA[<a href=C:\Users\sagar\Java_Workspace\BP-3.2MajorRelease\Reports\27Oct_033701\createHelmService_chrome\createHelmService_chrome_300_Oct_033717.jpg alt='alternative text'>Step</a>]]>
            </line>
            <line>
              <![CDATA[Getting driver ]]>
            </line>
            <line>
              <![CDATA[C:\Users\sagar\Java_Workspace\BP-3.2MajorRelease\Reports\27Oct_033701\createHelmService_chrome\createHelmService_chrome_300_Oct_033718.jpg]]>
            </line>
            <line>
              <![CDATA[<a href=C:\Users\sagar\Java_Workspace\BP-3.2MajorRelease\Reports\27Oct_033701\createHelmService_chrome\createHelmService_chrome_300_Oct_033718.jpg alt='alternative text'>Step</a>]]>
            </line>
            <line>
              <![CDATA[Getting driver ]]>
            </line>
            <line>
              <![CDATA[C:\Users\sagar\Java_Workspace\BP-3.2MajorRelease\Reports\27Oct_033701\createHelmService_chrome\createHelmService_chrome_300_Oct_033719.jpg]]>
            </line>
            <line>
              <![CDATA[<a href=C:\Users\sagar\Java_Workspace\BP-3.2MajorRelease\Reports\27Oct_033701\createHelmService_chrome\createHelmService_chrome_300_Oct_033719.jpg alt='alternative text'>Step</a>]]>
            </line>
            <line>
              <![CDATA[checking if driver exist]]>
            </line>
            <line>
              <![CDATA[C:\Users\sagar\Java_Workspace\BP-3.2MajorRelease\Reports\27Oct_033701\createHelmService_chrome\createHelmService_chrome_300_Oct_033719.jpg]]>
            </line>
            <line>
              <![CDATA[<a href=C:\Users\sagar\Java_Workspace\BP-3.2MajorRelease\Reports\27Oct_033701\createHelmService_chrome\createHelmService_chrome_300_Oct_033719.jpg alt='alternative text'>Step</a>]]>
            </line>
            <line>
              <![CDATA[Getting driver ]]>
            </line>
            <line>
              <![CDATA[C:\Users\sagar\Java_Workspace\BP-3.2MajorRelease\Reports\27Oct_033701\createHelmService_chrome\createHelmService_chrome_300_Oct_033719.jpg]]>
            </line>
            <line>
              <![CDATA[<a href=C:\Users\sagar\Java_Workspace\BP-3.2MajorRelease\Reports\27Oct_033701\createHelmService_chrome\createHelmService_chrome_300_Oct_033719.jpg alt='alternative text'>Step</a>]]>
            </line>
            <line>
              <![CDATA[Getting driver ]]>
            </line>
            <line>
              <![CDATA[C:\Users\sagar\Java_Workspace\BP-3.2MajorRelease\Reports\27Oct_033701\createHelmService_chrome\createHelmService_chrome_300_Oct_033720.jpg]]>
            </line>
            <line>
              <![CDATA[<a href=C:\Users\sagar\Java_Workspace\BP-3.2MajorRelease\Reports\27Oct_033701\createHelmService_chrome\createHelmService_chrome_300_Oct_033720.jpg alt='alternative text'>Step</a>]]>
            </line>
            <line>
              <![CDATA[Element [[ChromeDriver: chrome on WINDOWS (e97bf688cacd88fbf2ea3b7eecac9ebd)] -> xpath: //div[@aria-controls='simple-menu']//div//div[2]//p]is displayed on screen]]>
            </line>
            <line>
              <![CDATA[Clicking on element userMenuAppBar]]>
            </line>
            <line>
              <![CDATA[C:\Users\sagar\Java_Workspace\BP-3.2MajorRelease\Reports\27Oct_033701\createHelmService_chrome\createHelmService_chrome_300_Oct_033720.jpg]]>
            </line>
            <line>
              <![CDATA[<a href=C:\Users\sagar\Java_Workspace\BP-3.2MajorRelease\Reports\27Oct_033701\createHelmService_chrome\createHelmService_chrome_300_Oct_033720.jpg alt='alternative text'>Step</a>]]>
            </line>
            <line>
              <![CDATA[Element [[ChromeDriver: chrome on WINDOWS (e97bf688cacd88fbf2ea3b7eecac9ebd)] -> xpath: //p[@class='inactive-portal cursor-pointer']]is displayed on screen]]>
            </line>
            <line>
              <![CDATA[Clicking on element switching to user account]]>
            </line>
            <line>
              <![CDATA[C:\Users\sagar\Java_Workspace\BP-3.2MajorRelease\Reports\27Oct_033701\createHelmService_chrome\createHelmService_chrome_300_Oct_033721.jpg]]>
            </line>
            <line>
              <![CDATA[<a href=C:\Users\sagar\Java_Workspace\BP-3.2MajorRelease\Reports\27Oct_033701\createHelmService_chrome\createHelmService_chrome_300_Oct_033721.jpg alt='alternative text'>Step</a>]]>
            </line>
            <line>
              <![CDATA[checking if driver exist]]>
            </line>
            <line>
              <![CDATA[C:\Users\sagar\Java_Workspace\BP-3.2MajorRelease\Reports\27Oct_033701\createHelmService_chrome\createHelmService_chrome_300_Oct_033721.jpg]]>
            </line>
            <line>
              <![CDATA[<a href=C:\Users\sagar\Java_Workspace\BP-3.2MajorRelease\Reports\27Oct_033701\createHelmService_chrome\createHelmService_chrome_300_Oct_033721.jpg alt='alternative text'>Step</a>]]>
            </line>
            <line>
              <![CDATA[Getting driver ]]>
            </line>
            <line>
              <![CDATA[C:\Users\sagar\Java_Workspace\BP-3.2MajorRelease\Reports\27Oct_033701\createHelmService_chrome\createHelmService_chrome_300_Oct_033721.jpg]]>
            </line>
            <line>
              <![CDATA[<a href=C:\Users\sagar\Java_Workspace\BP-3.2MajorRelease\Reports\27Oct_033701\createHelmService_chrome\createHelmService_chrome_300_Oct_033721.jpg alt='alternative text'>Step</a>]]>
            </line>
            <line>
              <![CDATA[Getting driver ]]>
            </line>
            <line>
              <![CDATA[C:\Users\sagar\Java_Workspace\BP-3.2MajorRelease\Reports\27Oct_033701\createHelmService_chrome\createHelmService_chrome_300_Oct_033721.jpg]]>
            </line>
            <line>
              <![CDATA[<a href=C:\Users\sagar\Java_Workspace\BP-3.2MajorRelease\Reports\27Oct_033701\createHelmService_chrome\createHelmService_chrome_300_Oct_033721.jpg alt='alternative text'>Step</a>]]>
            </line>
            <line>
              <![CDATA[Element [[ChromeDriver: chrome on WINDOWS (e97bf688cacd88fbf2ea3b7eecac9ebd)] -> xpath: //li//button[@class='app-cluster-button']//span[1][@title]]is displayed on screen]]>
            </line>
            <line>
              <![CDATA[Element is present [[ChromeDriver: chrome on WINDOWS (e97bf688cacd88fbf2ea3b7eecac9ebd)] -> xpath: //li//button[@class='app-cluster-button']//span[1][@title]]]]>
            </line>
            <line>
              <![CDATA[C:\Users\sagar\Java_Workspace\BP-3.2MajorRelease\Reports\27Oct_033701\createHelmService_chrome\createHelmService_chrome_300_Oct_033727.jpg]]>
            </line>
            <line>
              <![CDATA[<a href=C:\Users\sagar\Java_Workspace\BP-3.2MajorRelease\Reports\27Oct_033701\createHelmService_chrome\createHelmService_chrome_300_Oct_033727.jpg alt='alternative text'>Step</a>]]>
            </line>
            <line>
              <![CDATA[Element [[ChromeDriver: chrome on WINDOWS (e97bf688cacd88fbf2ea3b7eecac9ebd)] -> xpath: //button//div//span[@class='flaticon-expand-arrow']/../../..//div//button//p[text()='Service Overview']]is displayed on screen]]>
            </line>
            <line>
              <![CDATA[Clicking on element Poc_QA serviceOverviewLink]]>
            </line>
            <line>
              <![CDATA[C:\Users\sagar\Java_Workspace\BP-3.2MajorRelease\Reports\27Oct_033701\createHelmService_chrome\createHelmService_chrome_300_Oct_033728.jpg]]>
            </line>
            <line>
              <![CDATA[<a href=C:\Users\sagar\Java_Workspace\BP-3.2MajorRelease\Reports\27Oct_033701\createHelmService_chrome\createHelmService_chrome_300_Oct_033728.jpg alt='alternative text'>Step</a>]]>
            </line>
            <line>
              <![CDATA[Element [[ChromeDriver: chrome on WINDOWS (e97bf688cacd88fbf2ea3b7eecac9ebd)] -> xpath: //button[text()=' Add Service']]is displayed on screen]]>
            </line>
            <line>
              <![CDATA[Element is present [[ChromeDriver: chrome on WINDOWS (e97bf688cacd88fbf2ea3b7eecac9ebd)] -> xpath: //button[text()=' Add Service']]]]>
            </line>
            <line>
              <![CDATA[C:\Users\sagar\Java_Workspace\BP-3.2MajorRelease\Reports\27Oct_033701\createHelmService_chrome\createHelmService_chrome_300_Oct_033728.jpg]]>
            </line>
            <line>
              <![CDATA[<a href=C:\Users\sagar\Java_Workspace\BP-3.2MajorRelease\Reports\27Oct_033701\createHelmService_chrome\createHelmService_chrome_300_Oct_033728.jpg alt='alternative text'>Step</a>]]>
            </line>
            <line>
              <![CDATA[Element [[ChromeDriver: chrome on WINDOWS (e97bf688cacd88fbf2ea3b7eecac9ebd)] -> xpath: //button[text()=' Add Service']]is displayed on screen]]>
            </line>
            <line>
              <![CDATA[Clicking on element Poc_QA addServiceBtn]]>
            </line>
            <line>
              <![CDATA[C:\Users\sagar\Java_Workspace\BP-3.2MajorRelease\Reports\27Oct_033701\createHelmService_chrome\createHelmService_chrome_300_Oct_033729.jpg]]>
            </line>
            <line>
              <![CDATA[<a href=C:\Users\sagar\Java_Workspace\BP-3.2MajorRelease\Reports\27Oct_033701\createHelmService_chrome\createHelmService_chrome_300_Oct_033729.jpg alt='alternative text'>Step</a>]]>
            </line>
            <line>
              <![CDATA[Element [[ChromeDriver: chrome on WINDOWS (e97bf688cacd88fbf2ea3b7eecac9ebd)] -> xpath: //h1[@class='main-heading']]is displayed on screen]]>
            </line>
            <line>
              <![CDATA[Element is present [[ChromeDriver: chrome on WINDOWS (e97bf688cacd88fbf2ea3b7eecac9ebd)] -> xpath: //h1[@class='main-heading']]]]>
            </line>
            <line>
              <![CDATA[C:\Users\sagar\Java_Workspace\BP-3.2MajorRelease\Reports\27Oct_033701\createHelmService_chrome\createHelmService_chrome_300_Oct_033729.jpg]]>
            </line>
            <line>
              <![CDATA[<a href=C:\Users\sagar\Java_Workspace\BP-3.2MajorRelease\Reports\27Oct_033701\createHelmService_chrome\createHelmService_chrome_300_Oct_033729.jpg alt='alternative text'>Step</a>]]>
            </line>
            <line>
              <![CDATA[Element [[ChromeDriver: chrome on WINDOWS (e97bf688cacd88fbf2ea3b7eecac9ebd)] -> xpath: //input[@placeholder='demo-app']]is displayed on screen]]>
            </line>
            <line>
              <![CDATA[Setting value on element sets service name]]>
            </line>
            <line>
              <![CDATA[C:\Users\sagar\Java_Workspace\BP-3.2MajorRelease\Reports\27Oct_033701\createHelmService_chrome\createHelmService_chrome_300_Oct_033730.jpg]]>
            </line>
            <line>
              <![CDATA[<a href=C:\Users\sagar\Java_Workspace\BP-3.2MajorRelease\Reports\27Oct_033701\createHelmService_chrome\createHelmService_chrome_300_Oct_033730.jpg alt='alternative text'>Step</a>]]>
            </line>
            <line>
              <![CDATA[Element [[ChromeDriver: chrome on WINDOWS (e97bf688cacd88fbf2ea3b7eecac9ebd)] -> xpath: //input[@placeholder='Sample-Service']]is displayed on screen]]>
            </line>
            <line>
              <![CDATA[Setting value on element sets external name]]>
            </line>
            <line>
              <![CDATA[C:\Users\sagar\Java_Workspace\BP-3.2MajorRelease\Reports\27Oct_033701\createHelmService_chrome\createHelmService_chrome_300_Oct_033730.jpg]]>
            </line>
            <line>
              <![CDATA[<a href=C:\Users\sagar\Java_Workspace\BP-3.2MajorRelease\Reports\27Oct_033701\createHelmService_chrome\createHelmService_chrome_300_Oct_033730.jpg alt='alternative text'>Step</a>]]>
            </line>
            <line>
              <![CDATA[Element [[ChromeDriver: chrome on WINDOWS (e97bf688cacd88fbf2ea3b7eecac9ebd)] -> xpath: //span[contains(.,'Build for every environment')]]is displayed on screen]]>
            </line>
            <line>
              <![CDATA[Clicking on element Poc_QA selectEveryRadioBtn]]>
            </line>
            <line>
              <![CDATA[C:\Users\sagar\Java_Workspace\BP-3.2MajorRelease\Reports\27Oct_033701\createHelmService_chrome\createHelmService_chrome_300_Oct_033731.jpg]]>
            </line>
            <line>
              <![CDATA[<a href=C:\Users\sagar\Java_Workspace\BP-3.2MajorRelease\Reports\27Oct_033701\createHelmService_chrome\createHelmService_chrome_300_Oct_033731.jpg alt='alternative text'>Step</a>]]>
            </line>
            <line>
              <![CDATA[Element [[ChromeDriver: chrome on WINDOWS (e97bf688cacd88fbf2ea3b7eecac9ebd)] -> xpath: //button[@class='btn btn-submit']]is displayed on screen]]>
            </line>
            <line>
              <![CDATA[Clicking on element Poc_QA SubmitCreatePage]]>
            </line>
            <line>
              <![CDATA[C:\Users\sagar\Java_Workspace\BP-3.2MajorRelease\Reports\27Oct_033701\createHelmService_chrome\createHelmService_chrome_300_Oct_033731.jpg]]>
            </line>
            <line>
              <![CDATA[<a href=C:\Users\sagar\Java_Workspace\BP-3.2MajorRelease\Reports\27Oct_033701\createHelmService_chrome\createHelmService_chrome_300_Oct_033731.jpg alt='alternative text'>Step</a>]]>
            </line>
            <line>
              <![CDATA[Element [[ChromeDriver: chrome on WINDOWS (e97bf688cacd88fbf2ea3b7eecac9ebd)] -> xpath: //h1[@class='h1' and contains(.,'Create a Environment')]]is displayed on screen]]>
            </line>
            <line>
              <![CDATA[Element is present [[ChromeDriver: chrome on WINDOWS (e97bf688cacd88fbf2ea3b7eecac9ebd)] -> xpath: //h1[@class='h1' and contains(.,'Create a Environment')]]]]>
            </line>
            <line>
              <![CDATA[C:\Users\sagar\Java_Workspace\BP-3.2MajorRelease\Reports\27Oct_033701\createHelmService_chrome\createHelmService_chrome_300_Oct_033733.jpg]]>
            </line>
            <line>
              <![CDATA[<a href=C:\Users\sagar\Java_Workspace\BP-3.2MajorRelease\Reports\27Oct_033701\createHelmService_chrome\createHelmService_chrome_300_Oct_033733.jpg alt='alternative text'>Step</a>]]>
            </line>
            <line>
              <![CDATA[Element [[ChromeDriver: chrome on WINDOWS (e97bf688cacd88fbf2ea3b7eecac9ebd)] -> xpath: //select[@name='env_id']]is displayed on screen]]>
            </line>
            <line>
              <![CDATA[Element is present [[ChromeDriver: chrome on WINDOWS (e97bf688cacd88fbf2ea3b7eecac9ebd)] -> xpath: //select[@name='env_id']]]]>
            </line>
            <line>
              <![CDATA[C:\Users\sagar\Java_Workspace\BP-3.2MajorRelease\Reports\27Oct_033701\createHelmService_chrome\createHelmService_chrome_300_Oct_033733.jpg]]>
            </line>
            <line>
              <![CDATA[<a href=C:\Users\sagar\Java_Workspace\BP-3.2MajorRelease\Reports\27Oct_033701\createHelmService_chrome\createHelmService_chrome_300_Oct_033733.jpg alt='alternative text'>Step</a>]]>
            </line>
            <line>
              <![CDATA[Element [[ChromeDriver: chrome on WINDOWS (e97bf688cacd88fbf2ea3b7eecac9ebd)] -> xpath: //button[@class='btn btn-submit']]is displayed on screen]]>
            </line>
            <line>
              <![CDATA[Element is present [[ChromeDriver: chrome on WINDOWS (e97bf688cacd88fbf2ea3b7eecac9ebd)] -> xpath: //button[@class='btn btn-submit']]]]>
            </line>
            <line>
              <![CDATA[C:\Users\sagar\Java_Workspace\BP-3.2MajorRelease\Reports\27Oct_033701\createHelmService_chrome\createHelmService_chrome_300_Oct_033734.jpg]]>
            </line>
            <line>
              <![CDATA[<a href=C:\Users\sagar\Java_Workspace\BP-3.2MajorRelease\Reports\27Oct_033701\createHelmService_chrome\createHelmService_chrome_300_Oct_033734.jpg alt='alternative text'>Step</a>]]>
            </line>
            <line>
              <![CDATA[Element [[ChromeDriver: chrome on WINDOWS (e97bf688cacd88fbf2ea3b7eecac9ebd)] -> xpath: //button[@class='btn btn-submit']]is displayed on screen]]>
            </line>
            <line>
              <![CDATA[Clicking on element Poc_QA SubmitEnvPage]]>
            </line>
            <line>
              <![CDATA[C:\Users\sagar\Java_Workspace\BP-3.2MajorRelease\Reports\27Oct_033701\createHelmService_chrome\createHelmService_chrome_300_Oct_033734.jpg]]>
            </line>
            <line>
              <![CDATA[<a href=C:\Users\sagar\Java_Workspace\BP-3.2MajorRelease\Reports\27Oct_033701\createHelmService_chrome\createHelmService_chrome_300_Oct_033734.jpg alt='alternative text'>Step</a>]]>
            </line>
            <line>
              <![CDATA[Element [[ChromeDriver: chrome on WINDOWS (e97bf688cacd88fbf2ea3b7eecac9ebd)] -> xpath: //*[text()='Configure Build']]is displayed on screen]]>
            </line>
            <line>
              <![CDATA[Element is present [[ChromeDriver: chrome on WINDOWS (e97bf688cacd88fbf2ea3b7eecac9ebd)] -> xpath: //*[text()='Configure Build']]]]>
            </line>
            <line>
              <![CDATA[C:\Users\sagar\Java_Workspace\BP-3.2MajorRelease\Reports\27Oct_033701\createHelmService_chrome\createHelmService_chrome_300_Oct_033738.jpg]]>
            </line>
            <line>
              <![CDATA[<a href=C:\Users\sagar\Java_Workspace\BP-3.2MajorRelease\Reports\27Oct_033701\createHelmService_chrome\createHelmService_chrome_300_Oct_033738.jpg alt='alternative text'>Step</a>]]>
            </line>
            <line>
              <![CDATA[Element [[ChromeDriver: chrome on WINDOWS (e97bf688cacd88fbf2ea3b7eecac9ebd)] -> xpath: //*[text()='Configure Build']]is displayed on screen]]>
            </line>
            <line>
              <![CDATA[ Element +Proxy element for: DefaultElementLocator 'By.xpath: //*[text()='Configure Build']' is not clickable using selenium click]]>
            </line>
            <line>
              <![CDATA[C:\Users\sagar\Java_Workspace\BP-3.2MajorRelease\Reports\27Oct_033701\createHelmService_chrome\createHelmService_chrome_300_Oct_033740.jpg]]>
            </line>
            <line>
              <![CDATA[<a href=C:\Users\sagar\Java_Workspace\BP-3.2MajorRelease\Reports\27Oct_033701\createHelmService_chrome\createHelmService_chrome_300_Oct_033740.jpg alt='alternative text'>Step</a>]]>
            </line>
            <line>
              <![CDATA[Clicking on element Poc_QA clickConfigBuild]]>
            </line>
            <line>
              <![CDATA[C:\Users\sagar\Java_Workspace\BP-3.2MajorRelease\Reports\27Oct_033701\createHelmService_chrome\createHelmService_chrome_300_Oct_033740.jpg]]>
            </line>
            <line>
              <![CDATA[<a href=C:\Users\sagar\Java_Workspace\BP-3.2MajorRelease\Reports\27Oct_033701\createHelmService_chrome\createHelmService_chrome_300_Oct_033740.jpg alt='alternative text'>Step</a>]]>
            </line>
            <line>
              <![CDATA[Element [[ChromeDriver: chrome on WINDOWS (e97bf688cacd88fbf2ea3b7eecac9ebd)] -> xpath: //div[@class='md-step-circle current']]is displayed on screen]]>
            </line>
            <line>
              <![CDATA[Element is present [[ChromeDriver: chrome on WINDOWS (e97bf688cacd88fbf2ea3b7eecac9ebd)] -> xpath: //div[@class='md-step-circle current']]]]>
            </line>
            <line>
              <![CDATA[C:\Users\sagar\Java_Workspace\BP-3.2MajorRelease\Reports\27Oct_033701\createHelmService_chrome\createHelmService_chrome_300_Oct_033744.jpg]]>
            </line>
            <line>
              <![CDATA[<a href=C:\Users\sagar\Java_Workspace\BP-3.2MajorRelease\Reports\27Oct_033701\createHelmService_chrome\createHelmService_chrome_300_Oct_033744.jpg alt='alternative text'>Step</a>]]>
            </line>
            <line>
              <![CDATA[Element [[ChromeDriver: chrome on WINDOWS (e97bf688cacd88fbf2ea3b7eecac9ebd)] -> xpath: //div[@class='MuiInputBase-root MuiOutlinedInput-root MuiAutocomplete-inputRoot MuiInputBase-fullWidth MuiInputBase-formControl MuiInputBase-adornedEnd MuiOutlinedInput-adornedEnd']]is displayed on screen]]>
            </line>
            <line>
              <![CDATA[Element is present [[ChromeDriver: chrome on WINDOWS (e97bf688cacd88fbf2ea3b7eecac9ebd)] -> xpath: //div[@class='MuiInputBase-root MuiOutlinedInput-root MuiAutocomplete-inputRoot MuiInputBase-fullWidth MuiInputBase-formControl MuiInputBase-adornedEnd MuiOutlinedInput-adornedEnd']]]]>
            </line>
            <line>
              <![CDATA[C:\Users\sagar\Java_Workspace\BP-3.2MajorRelease\Reports\27Oct_033701\createHelmService_chrome\createHelmService_chrome_300_Oct_033744.jpg]]>
            </line>
            <line>
              <![CDATA[<a href=C:\Users\sagar\Java_Workspace\BP-3.2MajorRelease\Reports\27Oct_033701\createHelmService_chrome\createHelmService_chrome_300_Oct_033744.jpg alt='alternative text'>Step</a>]]>
            </line>
            <line>
              <![CDATA[Element [[ChromeDriver: chrome on WINDOWS (e97bf688cacd88fbf2ea3b7eecac9ebd)] -> xpath: //input[@name='git_url']]is displayed on screen]]>
            </line>
            <line>
              <![CDATA[Clicking on element Poc_QA gitUrlInputField]]>
            </line>
            <line>
              <![CDATA[C:\Users\sagar\Java_Workspace\BP-3.2MajorRelease\Reports\27Oct_033701\createHelmService_chrome\createHelmService_chrome_300_Oct_033744.jpg]]>
            </line>
            <line>
[...]
            <line>
              <![CDATA[Element [[ChromeDriver: chrome on WINDOWS (e97bf688cacd88fbf2ea3b7eecac9ebd)] -> xpath: //input[@name='file_paths']]is displayed on screen]]>
            </line>
            <line>
              <![CDATA[Element [[ChromeDriver: chrome on WINDOWS (e97bf688cacd88fbf2ea3b7eecac9ebd)] -> xpath: //input[@name='file_paths_build_context']]is displayed on screen]]>
            </line>
            <line>
              <![CDATA[Element [[ChromeDriver: chrome on WINDOWS (e97bf688cacd88fbf2ea3b7eecac9ebd)] -> xpath: //*[text()='Advance Configurations']]is displayed on screen]]>
            </line>
            <line>
              <![CDATA[Element is present [[ChromeDriver: chrome on WINDOWS (e97bf688cacd88fbf2ea3b7eecac9ebd)] -> xpath: //*[text()='Advance Configurations']]]]>
            </line>
            <line>
              <![CDATA[C:\Users\sagar\Java_Workspace\BP-3.2MajorRelease\Reports\27Oct_033701\createHelmService_chrome\createHelmService_chrome_300_Oct_033815.jpg]]>
            </line>
            <line>
              <![CDATA[<a href=C:\Users\sagar\Java_Workspace\BP-3.2MajorRelease\Reports\27Oct_033701\createHelmService_chrome\createHelmService_chrome_300_Oct_033815.jpg alt='alternative text'>Step</a>]]>
            </line>
            <line>
              <![CDATA[Element [[ChromeDriver: chrome on WINDOWS (e97bf688cacd88fbf2ea3b7eecac9ebd)] -> xpath: //button[text()='Continue']]is displayed on screen]]>
            </line>
            <line>
              <![CDATA[Clicking on element Poc_QA clickContinueBtn]]>
            </line>
            <line>
              <![CDATA[C:\Users\sagar\Java_Workspace\BP-3.2MajorRelease\Reports\27Oct_033701\createHelmService_chrome\createHelmService_chrome_300_Oct_033815.jpg]]>
            </line>
            <line>
              <![CDATA[<a href=C:\Users\sagar\Java_Workspace\BP-3.2MajorRelease\Reports\27Oct_033701\createHelmService_chrome\createHelmService_chrome_300_Oct_033815.jpg alt='alternative text'>Step</a>]]>
            </line>
            <line>
              <![CDATA[Element [[ChromeDriver: chrome on WINDOWS (e97bf688cacd88fbf2ea3b7eecac9ebd)] -> xpath: //h4[@class='mainHeading']]is displayed on screen]]>
            </line>
            <line>
              <![CDATA[Element is present [[ChromeDriver: chrome on WINDOWS (e97bf688cacd88fbf2ea3b7eecac9ebd)] -> xpath: //h4[@class='mainHeading']]]]>
            </line>
            <line>
              <![CDATA[C:\Users\sagar\Java_Workspace\BP-3.2MajorRelease\Reports\27Oct_033701\createHelmService_chrome\createHelmService_chrome_300_Oct_033820.jpg]]>
            </line>
            <line>
              <![CDATA[<a href=C:\Users\sagar\Java_Workspace\BP-3.2MajorRelease\Reports\27Oct_033701\createHelmService_chrome\createHelmService_chrome_300_Oct_033820.jpg alt='alternative text'>Step</a>]]>
            </line>
            <line>
              <![CDATA[Element [[ChromeDriver: chrome on WINDOWS (e97bf688cacd88fbf2ea3b7eecac9ebd)] -> xpath: //*[text()='Build Env Details']]is displayed on screen]]>
            </line>
            <line>
              <![CDATA[Element is present [[ChromeDriver: chrome on WINDOWS (e97bf688cacd88fbf2ea3b7eecac9ebd)] -> xpath: //*[text()='Build Env Details']]]]>
            </line>
            <line>
              <![CDATA[C:\Users\sagar\Java_Workspace\BP-3.2MajorRelease\Reports\27Oct_033701\createHelmService_chrome\createHelmService_chrome_300_Oct_033821.jpg]]>
            </line>
            <line>
              <![CDATA[<a href=C:\Users\sagar\Java_Workspace\BP-3.2MajorRelease\Reports\27Oct_033701\createHelmService_chrome\createHelmService_chrome_300_Oct_033821.jpg alt='alternative text'>Step</a>]]>
            </line>
            <line>
              <![CDATA[Element [[ChromeDriver: chrome on WINDOWS (e97bf688cacd88fbf2ea3b7eecac9ebd)] -> xpath: //span[@class='switch-label'][@data-on]]is displayed on screen]]>
            </line>
            <line>
              <![CDATA[Clicking on element Poc_QA envDetailsSwitch]]>
            </line>
            <line>
              <![CDATA[C:\Users\sagar\Java_Workspace\BP-3.2MajorRelease\Reports\27Oct_033701\createHelmService_chrome\createHelmService_chrome_300_Oct_033821.jpg]]>
            </line>
            <line>
              <![CDATA[<a href=C:\Users\sagar\Java_Workspace\BP-3.2MajorRelease\Reports\27Oct_033701\createHelmService_chrome\createHelmService_chrome_300_Oct_033821.jpg alt='alternative text'>Step</a>]]>
            </line>
            <line>
              <![CDATA[Element [[ChromeDriver: chrome on WINDOWS (e97bf688cacd88fbf2ea3b7eecac9ebd)] -> xpath: //input[@name='key']]is displayed on screen]]>
            </line>
            <line>
              <![CDATA[Setting value on element Poc_QA envName]]>
            </line>
            <line>
              <![CDATA[C:\Users\sagar\Java_Workspace\BP-3.2MajorRelease\Reports\27Oct_033701\createHelmService_chrome\createHelmService_chrome_300_Oct_033821.jpg]]>
            </line>
            <line>
              <![CDATA[<a href=C:\Users\sagar\Java_Workspace\BP-3.2MajorRelease\Reports\27Oct_033701\createHelmService_chrome\createHelmService_chrome_300_Oct_033821.jpg alt='alternative text'>Step</a>]]>
            </line>
            <line>
              <![CDATA[Element [[ChromeDriver: chrome on WINDOWS (e97bf688cacd88fbf2ea3b7eecac9ebd)] -> xpath: //input[@name='value']]is displayed on screen]]>
            </line>
            <line>
              <![CDATA[Setting value on element Poc_QA envValue]]>
            </line>
            <line>
              <![CDATA[C:\Users\sagar\Java_Workspace\BP-3.2MajorRelease\Reports\27Oct_033701\createHelmService_chrome\createHelmService_chrome_300_Oct_033822.jpg]]>
            </line>
            <line>
              <![CDATA[<a href=C:\Users\sagar\Java_Workspace\BP-3.2MajorRelease\Reports\27Oct_033701\createHelmService_chrome\createHelmService_chrome_300_Oct_033822.jpg alt='alternative text'>Step</a>]]>
            </line>
            <line>
              <![CDATA[Element [[ChromeDriver: chrome on WINDOWS (e97bf688cacd88fbf2ea3b7eecac9ebd)] -> xpath: //button[text()='Continue']]is displayed on screen]]>
            </line>
            <line>
              <![CDATA[Clicking on element Poc_QA clickContinueBtn]]>
            </line>
            <line>
              <![CDATA[C:\Users\sagar\Java_Workspace\BP-3.2MajorRelease\Reports\27Oct_033701\createHelmService_chrome\createHelmService_chrome_300_Oct_033822.jpg]]>
            </line>
            <line>
              <![CDATA[<a href=C:\Users\sagar\Java_Workspace\BP-3.2MajorRelease\Reports\27Oct_033701\createHelmService_chrome\createHelmService_chrome_300_Oct_033822.jpg alt='alternative text'>Step</a>]]>
            </line>
            <line>
              <![CDATA[Element [[ChromeDriver: chrome on WINDOWS (e97bf688cacd88fbf2ea3b7eecac9ebd)] -> xpath: //input[@name='pre_hook_enabled']/../span[@class='switch-handle']]is displayed on screen]]>
            </line>
            <line>
              <![CDATA[Clicking on element Poc_QA preHooksSwitch]]>
            </line>
            <line>
              <![CDATA[C:\Users\sagar\Java_Workspace\BP-3.2MajorRelease\Reports\27Oct_033701\createHelmService_chrome\createHelmService_chrome_300_Oct_033823.jpg]]>
            </line>
            <line>
              <![CDATA[<a href=C:\Users\sagar\Java_Workspace\BP-3.2MajorRelease\Reports\27Oct_033701\createHelmService_chrome\createHelmService_chrome_300_Oct_033823.jpg alt='alternative text'>Step</a>]]>
            </line>
            <line>
              <![CDATA[Element [[ChromeDriver: chrome on WINDOWS (e97bf688cacd88fbf2ea3b7eecac9ebd)] -> xpath: //p[contains(.,'Add Pre Hook')]/../../..//input[@placeholder='Run Command' and string-length(@value)=0]]is displayed on screen]]>
            </line>
            <line>
              <![CDATA[Setting value on element Poc_QA preHooksPasswordBox1]]>
            </line>
            <line>
              <![CDATA[C:\Users\sagar\Java_Workspace\BP-3.2MajorRelease\Reports\27Oct_033701\createHelmService_chrome\createHelmService_chrome_300_Oct_033823.jpg]]>
            </line>
            <line>
              <![CDATA[<a href=C:\Users\sagar\Java_Workspace\BP-3.2MajorRelease\Reports\27Oct_033701\createHelmService_chrome\createHelmService_chrome_300_Oct_033823.jpg alt='alternative text'>Step</a>]]>
            </line>
            <line>
              <![CDATA[Element [[ChromeDriver: chrome on WINDOWS (e97bf688cacd88fbf2ea3b7eecac9ebd)] -> xpath: //button[@class='nowrap']]is displayed on screen]]>
            </line>
            <line>
              <![CDATA[Clicking on element clicks on add New Hook]]>
            </line>
            <line>
              <![CDATA[C:\Users\sagar\Java_Workspace\BP-3.2MajorRelease\Reports\27Oct_033701\createHelmService_chrome\createHelmService_chrome_300_Oct_033823.jpg]]>
            </line>
            <line>
              <![CDATA[<a href=C:\Users\sagar\Java_Workspace\BP-3.2MajorRelease\Reports\27Oct_033701\createHelmService_chrome\createHelmService_chrome_300_Oct_033823.jpg alt='alternative text'>Step</a>]]>
            </line>
            <line>
              <![CDATA[Element [[ChromeDriver: chrome on WINDOWS (e97bf688cacd88fbf2ea3b7eecac9ebd)] -> xpath: //p[contains(.,'Add Pre Hook')]/../../..//input[@placeholder='Run Command' and string-length(@value)=0]]is displayed on screen]]>
            </line>
            <line>
              <![CDATA[Setting value on element Poc_QA preHooksPasswordBox2]]>
            </line>
            <line>
              <![CDATA[C:\Users\sagar\Java_Workspace\BP-3.2MajorRelease\Reports\27Oct_033701\createHelmService_chrome\createHelmService_chrome_300_Oct_033824.jpg]]>
            </line>
            <line>
              <![CDATA[<a href=C:\Users\sagar\Java_Workspace\BP-3.2MajorRelease\Reports\27Oct_033701\createHelmService_chrome\createHelmService_chrome_300_Oct_033824.jpg alt='alternative text'>Step</a>]]>
            </line>
            <line>
              <![CDATA[Element [[ChromeDriver: chrome on WINDOWS (e97bf688cacd88fbf2ea3b7eecac9ebd)] -> xpath: //input[@name='post_hook_enabled']/../span[@class='switch-handle']]is displayed on screen]]>
            </line>
            <line>
              <![CDATA[Clicking on element Poc_QA postHooksSwitch]]>
            </line>
            <line>
              <![CDATA[C:\Users\sagar\Java_Workspace\BP-3.2MajorRelease\Reports\27Oct_033701\createHelmService_chrome\createHelmService_chrome_300_Oct_033824.jpg]]>
            </line>
            <line>
              <![CDATA[<a href=C:\Users\sagar\Java_Workspace\BP-3.2MajorRelease\Reports\27Oct_033701\createHelmService_chrome\createHelmService_chrome_300_Oct_033824.jpg alt='alternative text'>Step</a>]]>
            </line>
            <line>
              <![CDATA[Element [[ChromeDriver: chrome on WINDOWS (e97bf688cacd88fbf2ea3b7eecac9ebd)] -> xpath: //p[contains(.,'Add Post Hook')]/../../..//input[@placeholder='Run Command' and string-length(@value)=0]]is displayed on screen]]>
            </line>
            <line>
              <![CDATA[Setting value on element Poc_QA postHooksPasswordBox1]]>
            </line>
            <line>
              <![CDATA[C:\Users\sagar\Java_Workspace\BP-3.2MajorRelease\Reports\27Oct_033701\createHelmService_chrome\createHelmService_chrome_300_Oct_033825.jpg]]>
            </line>
            <line>
              <![CDATA[<a href=C:\Users\sagar\Java_Workspace\BP-3.2MajorRelease\Reports\27Oct_033701\createHelmService_chrome\createHelmService_chrome_300_Oct_033825.jpg alt='alternative text'>Step</a>]]>
            </line>
            <line>
              <![CDATA[Element [[ChromeDriver: chrome on WINDOWS (e97bf688cacd88fbf2ea3b7eecac9ebd)] -> xpath: (//button[@class='nowrap'])[2]]is displayed on screen]]>
            </line>
            <line>
              <![CDATA[Clicking on element clicks on add New Post Hook]]>
            </line>
            <line>
              <![CDATA[C:\Users\sagar\Java_Workspace\BP-3.2MajorRelease\Reports\27Oct_033701\createHelmService_chrome\createHelmService_chrome_300_Oct_033825.jpg]]>
            </line>
            <line>
              <![CDATA[<a href=C:\Users\sagar\Java_Workspace\BP-3.2MajorRelease\Reports\27Oct_033701\createHelmService_chrome\createHelmService_chrome_300_Oct_033825.jpg alt='alternative text'>Step</a>]]>
            </line>
            <line>
              <![CDATA[Element [[ChromeDriver: chrome on WINDOWS (e97bf688cacd88fbf2ea3b7eecac9ebd)] -> xpath: //p[contains(.,'Add Post Hook')]/../../..//input[@placeholder='Run Command' and string-length(@value)=0]]is displayed on screen]]>
            </line>
            <line>
              <![CDATA[Setting value on element Poc_QA postHooksPasswordBox2]]>
            </line>
            <line>
              <![CDATA[C:\Users\sagar\Java_Workspace\BP-3.2MajorRelease\Reports\27Oct_033701\createHelmService_chrome\createHelmService_chrome_300_Oct_033825.jpg]]>
            </line>
            <line>
              <![CDATA[<a href=C:\Users\sagar\Java_Workspace\BP-3.2MajorRelease\Reports\27Oct_033701\createHelmService_chrome\createHelmService_chrome_300_Oct_033825.jpg alt='alternative text'>Step</a>]]>
            </line>
            <line>
              <![CDATA[Element [[ChromeDriver: chrome on WINDOWS (e97bf688cacd88fbf2ea3b7eecac9ebd)] -> xpath: //button[@class='btn btn-submit']]is displayed on screen]]>
            </line>
            <line>
              <![CDATA[Clicking on element Poc_QA submitHooks]]>
            </line>
            <line>
              <![CDATA[C:\Users\sagar\Java_Workspace\BP-3.2MajorRelease\Reports\27Oct_033701\createHelmService_chrome\createHelmService_chrome_300_Oct_033826.jpg]]>
            </line>
            <line>
              <![CDATA[<a href=C:\Users\sagar\Java_Workspace\BP-3.2MajorRelease\Reports\27Oct_033701\createHelmService_chrome\createHelmService_chrome_300_Oct_033826.jpg alt='alternative text'>Step</a>]]>
            </line>
            <line>
              <![CDATA[Element [[ChromeDriver: chrome on WINDOWS (e97bf688cacd88fbf2ea3b7eecac9ebd)] -> xpath: //*[text()='Env Deploy Details']]is displayed on screen]]>
            </line>
            <line>
              <![CDATA[Element is present [[ChromeDriver: chrome on WINDOWS (e97bf688cacd88fbf2ea3b7eecac9ebd)] -> xpath: //*[text()='Env Deploy Details']]]]>
            </line>
            <line>
              <![CDATA[C:\Users\sagar\Java_Workspace\BP-3.2MajorRelease\Reports\27Oct_033701\createHelmService_chrome\createHelmService_chrome_300_Oct_033827.jpg]]>
            </line>
            <line>
              <![CDATA[<a href=C:\Users\sagar\Java_Workspace\BP-3.2MajorRelease\Reports\27Oct_033701\createHelmService_chrome\createHelmService_chrome_300_Oct_033827.jpg alt='alternative text'>Step</a>]]>
            </line>
            <line>
              <![CDATA[Element [[ChromeDriver: chrome on WINDOWS (e97bf688cacd88fbf2ea3b7eecac9ebd)] -> xpath: //*[text()='Env Deploy Details']]is displayed on screen]]>
            </line>
            <line>
              <![CDATA[Clicking on element Poc_QA validateDeployDetails]]>
            </line>
            <line>
              <![CDATA[C:\Users\sagar\Java_Workspace\BP-3.2MajorRelease\Reports\27Oct_033701\createHelmService_chrome\createHelmService_chrome_300_Oct_033827.jpg]]>
            </line>
            <line>
              <![CDATA[<a href=C:\Users\sagar\Java_Workspace\BP-3.2MajorRelease\Reports\27Oct_033701\createHelmService_chrome\createHelmService_chrome_300_Oct_033827.jpg alt='alternative text'>Step</a>]]>
            </line>
            <line>
              <![CDATA[Element [[ChromeDriver: chrome on WINDOWS (e97bf688cacd88fbf2ea3b7eecac9ebd)] -> xpath: //div[@class='box-with-btn']//span[2][text()='you can also configure the CD by uploading your custom manifest file.']]is displayed on screen]]>
            </line>
            <line>
              <![CDATA[Element is present [[ChromeDriver: chrome on WINDOWS (e97bf688cacd88fbf2ea3b7eecac9ebd)] -> xpath: //div[@class='box-with-btn']//span[2][text()='you can also configure the CD by uploading your custom manifest file.']]]]>
            </line>
            <line>
              <![CDATA[C:\Users\sagar\Java_Workspace\BP-3.2MajorRelease\Reports\27Oct_033701\createHelmService_chrome\createHelmService_chrome_300_Oct_033828.jpg]]>
            </line>
            <line>
              <![CDATA[<a href=C:\Users\sagar\Java_Workspace\BP-3.2MajorRelease\Reports\27Oct_033701\createHelmService_chrome\createHelmService_chrome_300_Oct_033828.jpg alt='alternative text'>Step</a>]]>
            </line>
            <line>
              <![CDATA[Element [[ChromeDriver: chrome on WINDOWS (e97bf688cacd88fbf2ea3b7eecac9ebd)] -> xpath: //div[@class='box-with-btn']//span[2][text()='you can also configure the CD by uploading your custom manifest file.']]is displayed on screen]]>
            </line>
            <line>
              <![CDATA[ Element +[[ChromeDriver: chrome on WINDOWS (e97bf688cacd88fbf2ea3b7eecac9ebd)] -> xpath: //div[@class='box-with-btn']//span[2][text()='you can also configure the CD by uploading your custom manifest file.']] is not clickable using selenium click]]>
            </line>
            <line>
              <![CDATA[C:\Users\sagar\Java_Workspace\BP-3.2MajorRelease\Reports\27Oct_033701\createHelmService_chrome\createHelmService_chrome_300_Oct_033829.jpg]]>
            </line>
            <line>
              <![CDATA[<a href=C:\Users\sagar\Java_Workspace\BP-3.2MajorRelease\Reports\27Oct_033701\createHelmService_chrome\createHelmService_chrome_300_Oct_033829.jpg alt='alternative text'>Step</a>]]>
            </line>
            <line>
              <![CDATA[Clicking on element clicks on custom manifest button under deploy details]]>
            </line>
            <line>
              <![CDATA[C:\Users\sagar\Java_Workspace\BP-3.2MajorRelease\Reports\27Oct_033701\createHelmService_chrome\createHelmService_chrome_300_Oct_033830.jpg]]>
            </line>
            <line>
              <![CDATA[<a href=C:\Users\sagar\Java_Workspace\BP-3.2MajorRelease\Reports\27Oct_033701\createHelmService_chrome\createHelmService_chrome_300_Oct_033830.jpg alt='alternative text'>Step</a>]]>
            </line>
            <line>
              <![CDATA[Result upload to testlink is disabled, Please ensure you have 'UpdateTestLink=Yes' in project.properties ]]>
            </line>
            <line>
              <![CDATA[####### End of Test Case: createHelmService #######]]>
            </line>
          </reporter-output>
        </test-method> <!-- createHelmService -->
        <test-method is-config="true" signature="getResult(org.testng.ITestResult)[pri:0, instance:com.buildpiper.testcases.ServiceCreationTestcases@232024b9]" started-at="2023-10-27T03:38:30 IST" name="getResult" finished-at="2023-10-27T03:38:30 IST" duration-ms="231" status="PASS">
          <params>
            <param index="0">
              <value>
                <![CDATA[[TestResult name=createHelmService status=FAILURE method=ServiceCreationTestcases.createHelmService()[pri:3, instance:com.buildpiper.testcases.ServiceCreationTestcases@232024b9] output=checking if driver exist]]]>
              </value>
            </param>
          </params>
          <reporter-output>
          </reporter-output>
        </test-method> <!-- getResult -->
        <test-method is-config="true" signature="tearDown()[pri:0, instance:com.buildpiper.testcases.ServiceCreationTestcases@232024b9]" started-at="2023-10-27T03:38:30 IST" name="tearDown" finished-at="2023-10-27T03:38:30 IST" duration-ms="0" status="PASS">
          <reporter-output>
          </reporter-output>
        </test-method> <!-- tearDown -->
      </class> <!-- com.buildpiper.testcases.ServiceCreationTestcases -->
    </test> <!-- Default test -->
  </suite> <!-- Default suite -->
</testng-results>
